> Task :compileJava
> Task :processResources UP-TO-DATE
> Task :classes
> Task :bootRunMainClassName

> Task :bootRun

  .   ____          _            __ _ _
 /\\ / ___'_ __ _ _(_)_ __  __ _ \ \ \ \
( ( )\___ | '_ | '_| | '_ \/ _` | \ \ \ \
 \\/  ___)| |_)| | | | | || (_| |  ) ) ) )
  '  |____| .__|_| |_|_| |_\__, | / / / /
 =========|_|==============|___/=/_/_/_/
[32m :: Spring Boot :: [39m             [2m (v2.7.18)[0;39m

[2m2025-09-04 17:40:08.893[0;39m [32m INFO[0;39m [35m2486[0;39m [2m---[0;39m [2m[           main][0;39m [36mkeelung.SummerPracticeApplication       [0;39m [2m:[0;39m Starting SummerPracticeApplication using Java 23.0.2 on yihsunMacBook-Pro.local with PID 2486 (/Users/jamessu/Desktop/vscode /大二下/專題大三/build/classes/java/main started by jamessu in /Users/jamessu/Desktop/vscode /大二下/專題大三)
[2m2025-09-04 17:40:08.895[0;39m [32mDEBUG[0;39m [35m2486[0;39m [2m---[0;39m [2m[           main][0;39m [36mkeelung.SummerPracticeApplication       [0;39m [2m:[0;39m Running with Spring Boot v2.7.18, Spring v5.3.31
[2m2025-09-04 17:40:08.895[0;39m [32m INFO[0;39m [35m2486[0;39m [2m---[0;39m [2m[           main][0;39m [36mkeelung.SummerPracticeApplication       [0;39m [2m:[0;39m No active profile set, falling back to 1 default profile: "default"
[2m2025-09-04 17:40:09.101[0;39m [32m INFO[0;39m [35m2486[0;39m [2m---[0;39m [2m[           main][0;39m [36m.s.d.r.c.RepositoryConfigurationDelegate[0;39m [2m:[0;39m Bootstrapping Spring Data MongoDB repositories in DEFAULT mode.
[2m2025-09-04 17:40:09.118[0;39m [32m INFO[0;39m [35m2486[0;39m [2m---[0;39m [2m[           main][0;39m [36m.s.d.r.c.RepositoryConfigurationDelegate[0;39m [2m:[0;39m Finished Spring Data repository scanning in 15 ms. Found 1 MongoDB repository interfaces.
[2m2025-09-04 17:40:09.300[0;39m [32m INFO[0;39m [35m2486[0;39m [2m---[0;39m [2m[           main][0;39m [36mo.s.b.w.embedded.tomcat.TomcatWebServer [0;39m [2m:[0;39m Tomcat initialized with port(s): 9487 (http)
[2m2025-09-04 17:40:09.304[0;39m [32m INFO[0;39m [35m2486[0;39m [2m---[0;39m [2m[           main][0;39m [36mo.apache.catalina.core.StandardService  [0;39m [2m:[0;39m Starting service [Tomcat]
[2m2025-09-04 17:40:09.304[0;39m [32m INFO[0;39m [35m2486[0;39m [2m---[0;39m [2m[           main][0;39m [36morg.apache.catalina.core.StandardEngine [0;39m [2m:[0;39m Starting Servlet engine: [Apache Tomcat/9.0.83]
[2m2025-09-04 17:40:09.339[0;39m [32m INFO[0;39m [35m2486[0;39m [2m---[0;39m [2m[           main][0;39m [36mo.a.c.c.C.[Tomcat].[localhost].[/]      [0;39m [2m:[0;39m Initializing Spring embedded WebApplicationContext
[2m2025-09-04 17:40:09.339[0;39m [32m INFO[0;39m [35m2486[0;39m [2m---[0;39m [2m[           main][0;39m [36mw.s.c.ServletWebServerApplicationContext[0;39m [2m:[0;39m Root WebApplicationContext: initialization completed in 420 ms
[2m2025-09-04 17:40:09.446[0;39m [32m INFO[0;39m [35m2486[0;39m [2m---[0;39m [2m[           main][0;39m [36morg.mongodb.driver.client               [0;39m [2m:[0;39m MongoClient with metadata {"driver": {"name": "mongo-java-driver|sync|spring-boot", "version": "4.6.1"}, "os": {"type": "Darwin", "name": "Mac OS X", "architecture": "aarch64", "version": "26.0"}, "platform": "Java/Homebrew/23.0.2", "application": {"name": "Clusterschoolproject"}} created with settings MongoClientSettings{readPreference=primary, writeConcern=WriteConcern{w=majority, wTimeout=null ms, journal=null}, retryWrites=true, retryReads=true, readConcern=ReadConcern{level=null}, credential=MongoCredential{mechanism=null, userName='james0530', source='admin', password=<hidden>, mechanismProperties=<hidden>}, streamFactoryFactory=null, commandListeners=[], codecRegistry=ProvidersCodecRegistry{codecProviders=[ValueCodecProvider{}, BsonValueCodecProvider{}, DBRefCodecProvider{}, DBObjectCodecProvider{}, DocumentCodecProvider{}, IterableCodecProvider{}, MapCodecProvider{}, GeoJsonCodecProvider{}, GridFSFileCodecProvider{}, Jsr310CodecProvider{}, JsonObjectCodecProvider{}, BsonCodecProvider{}, EnumCodecProvider{}, com.mongodb.Jep395RecordCodecProvider@61bcbcce]}, clusterSettings={hosts=[127.0.0.1:27017], srvHost=clusterschoolproject.7rgd67j.mongodb.net, srvServiceName=mongodb, mode=MULTIPLE, requiredClusterType=REPLICA_SET, requiredReplicaSetName='atlas-a8yek4-shard-0', serverSelector='null', clusterListeners='[]', serverSelectionTimeout='30000 ms', localThreshold='30000 ms'}, socketSettings=SocketSettings{connectTimeoutMS=10000, readTimeoutMS=0, receiveBufferSize=0, sendBufferSize=0}, heartbeatSocketSettings=SocketSettings{connectTimeoutMS=10000, readTimeoutMS=10000, receiveBufferSize=0, sendBufferSize=0}, connectionPoolSettings=ConnectionPoolSettings{maxSize=100, minSize=0, maxWaitTimeMS=120000, maxConnectionLifeTimeMS=0, maxConnectionIdleTimeMS=0, maintenanceInitialDelayMS=0, maintenanceFrequencyMS=60000, connectionPoolListeners=[], maxConnecting=2}, serverSettings=ServerSettings{heartbeatFrequencyMS=10000, minHeartbeatFrequencyMS=500, serverListeners='[]', serverMonitorListeners='[]'}, sslSettings=SslSettings{enabled=true, invalidHostNameAllowed=false, context=null}, applicationName='Clusterschoolproject', compressorList=[], uuidRepresentation=JAVA_LEGACY, serverApi=null, autoEncryptionSettings=null, contextProvider=null}
[2m2025-09-04 17:40:09.465[0;39m [32m INFO[0;39m [35m2486[0;39m [2m---[0;39m [2m[67j.mongodb.net][0;39m [36morg.mongodb.driver.cluster              [0;39m [2m:[0;39m Adding discovered server ac-i834dtw-shard-00-00.7rgd67j.mongodb.net:27017 to client view of cluster
[2m2025-09-04 17:40:09.473[0;39m [32m INFO[0;39m [35m2486[0;39m [2m---[0;39m [2m[67j.mongodb.net][0;39m [36morg.mongodb.driver.cluster              [0;39m [2m:[0;39m Adding discovered server ac-i834dtw-shard-00-01.7rgd67j.mongodb.net:27017 to client view of cluster
[2m2025-09-04 17:40:09.474[0;39m [32m INFO[0;39m [35m2486[0;39m [2m---[0;39m [2m[67j.mongodb.net][0;39m [36morg.mongodb.driver.cluster              [0;39m [2m:[0;39m Adding discovered server ac-i834dtw-shard-00-02.7rgd67j.mongodb.net:27017 to client view of cluster
[2m2025-09-04 17:40:09.692[0;39m [32m INFO[0;39m [35m2486[0;39m [2m---[0;39m [2m[           main][0;39m [36mo.s.b.w.embedded.tomcat.TomcatWebServer [0;39m [2m:[0;39m Tomcat started on port(s): 9487 (http) with context path ''
[2m2025-09-04 17:40:09.696[0;39m [32m INFO[0;39m [35m2486[0;39m [2m---[0;39m [2m[           main][0;39m [36mkeelung.SummerPracticeApplication       [0;39m [2m:[0;39m Started SummerPracticeApplication in 0.967 seconds (JVM running for 1.115)
[2m2025-09-04 17:40:09.706[0;39m [32m INFO[0;39m [35m2486[0;39m [2m---[0;39m [2m[           main][0;39m [36morg.mongodb.driver.cluster              [0;39m [2m:[0;39m No server chosen by com.mongodb.client.internal.MongoClientDelegate$1@411fa0ce from cluster description ClusterDescription{type=REPLICA_SET, connectionMode=MULTIPLE, serverDescriptions=[ServerDescription{address=ac-i834dtw-shard-00-00.7rgd67j.mongodb.net:27017, type=UNKNOWN, state=CONNECTING}, ServerDescription{address=ac-i834dtw-shard-00-02.7rgd67j.mongodb.net:27017, type=UNKNOWN, state=CONNECTING}, ServerDescription{address=ac-i834dtw-shard-00-01.7rgd67j.mongodb.net:27017, type=UNKNOWN, state=CONNECTING}]}. Waiting for 30000 ms before timing out
[2m2025-09-04 17:40:09.924[0;39m [32m INFO[0;39m [35m2486[0;39m [2m---[0;39m [2m[ngodb.net:27017][0;39m [36morg.mongodb.driver.connection           [0;39m [2m:[0;39m Opened connection [connectionId{localValue:4, serverValue:151999}] to ac-i834dtw-shard-00-02.7rgd67j.mongodb.net:27017
[2m2025-09-04 17:40:09.924[0;39m [32m INFO[0;39m [35m2486[0;39m [2m---[0;39m [2m[ngodb.net:27017][0;39m [36morg.mongodb.driver.connection           [0;39m [2m:[0;39m Opened connection [connectionId{localValue:6, serverValue:147801}] to ac-i834dtw-shard-00-01.7rgd67j.mongodb.net:27017
[2m2025-09-04 17:40:09.924[0;39m [32m INFO[0;39m [35m2486[0;39m [2m---[0;39m [2m[ngodb.net:27017][0;39m [36morg.mongodb.driver.connection           [0;39m [2m:[0;39m Opened connection [connectionId{localValue:5, serverValue:147801}] to ac-i834dtw-shard-00-01.7rgd67j.mongodb.net:27017
[2m2025-09-04 17:40:09.924[0;39m [32m INFO[0;39m [35m2486[0;39m [2m---[0;39m [2m[ngodb.net:27017][0;39m [36morg.mongodb.driver.connection           [0;39m [2m:[0;39m Opened connection [connectionId{localValue:2, serverValue:152024}] to ac-i834dtw-shard-00-02.7rgd67j.mongodb.net:27017
[2m2025-09-04 17:40:09.925[0;39m [32m INFO[0;39m [35m2486[0;39m [2m---[0;39m [2m[ngodb.net:27017][0;39m [36morg.mongodb.driver.cluster              [0;39m [2m:[0;39m Monitor thread successfully connected to server with description ServerDescription{address=ac-i834dtw-shard-00-01.7rgd67j.mongodb.net:27017, type=REPLICA_SET_SECONDARY, state=CONNECTED, ok=true, minWireVersion=0, maxWireVersion=25, maxDocumentSize=16777216, logicalSessionTimeoutMinutes=30, roundTripTimeNanos=181882500, setName='atlas-a8yek4-shard-0', canonicalAddress=ac-i834dtw-shard-00-01.7rgd67j.mongodb.net:27017, hosts=[ac-i834dtw-shard-00-00.7rgd67j.mongodb.net:27017, ac-i834dtw-shard-00-02.7rgd67j.mongodb.net:27017, ac-i834dtw-shard-00-01.7rgd67j.mongodb.net:27017], passives=[], arbiters=[], primary='ac-i834dtw-shard-00-02.7rgd67j.mongodb.net:27017', tagSet=TagSet{[Tag{name='availabilityZone', value='ape1-az2'}, Tag{name='diskState', value='READY'}, Tag{name='nodeType', value='ELECTABLE'}, Tag{name='provider', value='AWS'}, Tag{name='region', value='AP_EAST_1'}, Tag{name='workloadType', value='OPERATIONAL'}]}, electionId=null, setVersion=5, topologyVersion=TopologyVersion{processId=68adb977784aac97ca661e2c, counter=3}, lastWriteDate=Thu Sep 04 17:40:09 CST 2025, lastUpdateTimeNanos=401273002223583}
[2m2025-09-04 17:40:09.925[0;39m [32m INFO[0;39m [35m2486[0;39m [2m---[0;39m [2m[ngodb.net:27017][0;39m [36morg.mongodb.driver.cluster              [0;39m [2m:[0;39m Monitor thread successfully connected to server with description ServerDescription{address=ac-i834dtw-shard-00-02.7rgd67j.mongodb.net:27017, type=REPLICA_SET_PRIMARY, state=CONNECTED, ok=true, minWireVersion=0, maxWireVersion=25, maxDocumentSize=16777216, logicalSessionTimeoutMinutes=30, roundTripTimeNanos=256145209, setName='atlas-a8yek4-shard-0', canonicalAddress=ac-i834dtw-shard-00-02.7rgd67j.mongodb.net:27017, hosts=[ac-i834dtw-shard-00-00.7rgd67j.mongodb.net:27017, ac-i834dtw-shard-00-02.7rgd67j.mongodb.net:27017, ac-i834dtw-shard-00-01.7rgd67j.mongodb.net:27017], passives=[], arbiters=[], primary='ac-i834dtw-shard-00-02.7rgd67j.mongodb.net:27017', tagSet=TagSet{[Tag{name='availabilityZone', value='ape1-az3'}, Tag{name='diskState', value='READY'}, Tag{name='nodeType', value='ELECTABLE'}, Tag{name='provider', value='AWS'}, Tag{name='region', value='AP_EAST_1'}, Tag{name='workloadType', value='OPERATIONAL'}]}, electionId=7fffffff000000000000003d, setVersion=5, topologyVersion=TopologyVersion{processId=68adb70fc4a3bf9c73ba471c, counter=6}, lastWriteDate=Thu Sep 04 17:40:09 CST 2025, lastUpdateTimeNanos=401273002227625}
[2m2025-09-04 17:40:09.926[0;39m [32m INFO[0;39m [35m2486[0;39m [2m---[0;39m [2m[ngodb.net:27017][0;39m [36morg.mongodb.driver.cluster              [0;39m [2m:[0;39m Setting max election id to 7fffffff000000000000003d from replica set primary ac-i834dtw-shard-00-02.7rgd67j.mongodb.net:27017
[2m2025-09-04 17:40:09.926[0;39m [32m INFO[0;39m [35m2486[0;39m [2m---[0;39m [2m[ngodb.net:27017][0;39m [36morg.mongodb.driver.cluster              [0;39m [2m:[0;39m Setting max set version to 5 from replica set primary ac-i834dtw-shard-00-02.7rgd67j.mongodb.net:27017
[2m2025-09-04 17:40:09.926[0;39m [32m INFO[0;39m [35m2486[0;39m [2m---[0;39m [2m[ngodb.net:27017][0;39m [36morg.mongodb.driver.cluster              [0;39m [2m:[0;39m Discovered replica set primary ac-i834dtw-shard-00-02.7rgd67j.mongodb.net:27017
[2m2025-09-04 17:40:10.048[0;39m [32m INFO[0;39m [35m2486[0;39m [2m---[0;39m [2m[ngodb.net:27017][0;39m [36morg.mongodb.driver.connection           [0;39m [2m:[0;39m Opened connection [connectionId{localValue:3, serverValue:152522}] to ac-i834dtw-shard-00-00.7rgd67j.mongodb.net:27017
[2m2025-09-04 17:40:10.048[0;39m [32m INFO[0;39m [35m2486[0;39m [2m---[0;39m [2m[ngodb.net:27017][0;39m [36morg.mongodb.driver.cluster              [0;39m [2m:[0;39m Monitor thread successfully connected to server with description ServerDescription{address=ac-i834dtw-shard-00-00.7rgd67j.mongodb.net:27017, type=REPLICA_SET_SECONDARY, state=CONNECTED, ok=true, minWireVersion=0, maxWireVersion=25, maxDocumentSize=16777216, logicalSessionTimeoutMinutes=30, roundTripTimeNanos=170472458, setName='atlas-a8yek4-shard-0', canonicalAddress=ac-i834dtw-shard-00-00.7rgd67j.mongodb.net:27017, hosts=[ac-i834dtw-shard-00-00.7rgd67j.mongodb.net:27017, ac-i834dtw-shard-00-02.7rgd67j.mongodb.net:27017, ac-i834dtw-shard-00-01.7rgd67j.mongodb.net:27017], passives=[], arbiters=[], primary='ac-i834dtw-shard-00-02.7rgd67j.mongodb.net:27017', tagSet=TagSet{[Tag{name='availabilityZone', value='ape1-az1'}, Tag{name='diskState', value='READY'}, Tag{name='nodeType', value='ELECTABLE'}, Tag{name='provider', value='AWS'}, Tag{name='region', value='AP_EAST_1'}, Tag{name='workloadType', value='OPERATIONAL'}]}, electionId=null, setVersion=5, topologyVersion=TopologyVersion{processId=68adb3e8465b48f6776be2b3, counter=4}, lastWriteDate=Thu Sep 04 17:40:09 CST 2025, lastUpdateTimeNanos=401273126347708}
[2m2025-09-04 17:40:10.073[0;39m [32m INFO[0;39m [35m2486[0;39m [2m---[0;39m [2m[ngodb.net:27017][0;39m [36morg.mongodb.driver.connection           [0;39m [2m:[0;39m Opened connection [connectionId{localValue:1, serverValue:152522}] to ac-i834dtw-shard-00-00.7rgd67j.mongodb.net:27017
[2m2025-09-04 17:40:10.268[0;39m [32m INFO[0;39m [35m2486[0;39m [2m---[0;39m [2m[           main][0;39m [36morg.mongodb.driver.connection           [0;39m [2m:[0;39m Opened connection [connectionId{localValue:7, serverValue:152074}] to ac-i834dtw-shard-00-02.7rgd67j.mongodb.net:27017
[2m2025-09-04 17:40:49.799[0;39m [32m INFO[0;39m [35m2486[0;39m [2m---[0;39m [2m[nio-9487-exec-1][0;39m [36mo.a.c.c.C.[Tomcat].[localhost].[/]      [0;39m [2m:[0;39m Initializing Spring DispatcherServlet 'dispatcherServlet'
[2m2025-09-04 17:40:49.800[0;39m [32m INFO[0;39m [35m2486[0;39m [2m---[0;39m [2m[nio-9487-exec-1][0;39m [36mo.s.web.servlet.DispatcherServlet       [0;39m [2m:[0;39m Initializing Servlet 'dispatcherServlet'
[2m2025-09-04 17:40:49.801[0;39m [32m INFO[0;39m [35m2486[0;39m [2m---[0;39m [2m[nio-9487-exec-1][0;39m [36mo.s.web.servlet.DispatcherServlet       [0;39m [2m:[0;39m Completed initialization in 1 ms
[2m2025-09-04 18:06:11.044[0;39m [32m INFO[0;39m [35m2486[0;39m [2m---[0;39m [2m[ngodb.net:27017][0;39m [36morg.mongodb.driver.cluster              [0;39m [2m:[0;39m Exception in monitor thread while connecting to server ac-i834dtw-shard-00-00.7rgd67j.mongodb.net:27017

com.mongodb.MongoSocketReadTimeoutException: Timeout while receiving message
	at com.mongodb.internal.connection.InternalStreamConnection.translateReadException(InternalStreamConnection.java:696) ~[mongodb-driver-core-4.6.1.jar:na]
	at com.mongodb.internal.connection.InternalStreamConnection.receiveMessageWithAdditionaException in thread "Thread-0" org.gradle.api.UncheckedIOException: java.io.IOException: Input/output error
	at org.gradle.internal.UncheckedException.throwAsUncheckedException(UncheckedException.java:63)
	at org.gradle.internal.UncheckedException.throwAsUncheckedException(UncheckedException.java:42)
	at org.gradle.internal.daemon.client.clientinput.DaemonClientInputForwarder$ForwardingUserInput.lambda$readAndForwardStdin$0(DaemonClientInputForwarder.java:99)
kupServerDescription(DefaultServerMonitor.java:221) ~[mongodb-driver-core-4.6.1.jar:na]
	at com.mongodb.internal.connection.DefaultServerMonitor$ServerMonitorRunnable.run(DefaultServerMonitor.java:157) ~[mongodb-driver-core-4.6.1.jar:na]
	at java.base/java.lang.Thread.run(Thread.java:1575) ~[na:na]
Caused by: java.net.SocketTimeoutException: Read timed out
	at java.base/sun.nio.ch.NioSocketImpl.timedRead(NioSocketImpl.java:278) ~[na:na]
	at java.base/sun.nio.ch.NioSocketImpl.implRead(NioSocketImpl.java:304) ~[na:na]
	at java.base/sun.nio.ch.NioSocketImpl.read(NioSocketImpl.java:346) ~[na:na]
	at java.base/sun.nio.ch.NioSocketImpl$1.read(NioSocketImpl.java:796) ~[na:na]
	at java.base/java.net.Socket$SocketInputStream.implRead(Socket.java:1116) ~[na:na]
	at java.base/java.net.Socket$SocketInputStream.read(Socket.java:1103) ~[na:na]
	at java.base/sun.security.ssl.SSLSocketInputRecord.read(SSLSocketInputRecord.java:489) ~[na:na]
	at java.base/sun.security.ssl.SSLSocketInputRecord.readHeader(SSLSocketInputRecord.java:483) ~[na:na]
	at java.base/sun.security.ssl.SSLSocketInputRecord.bytesInCompletePacket(SSLSocketInputRecord.java:70) ~[na:na]
	at java.base/sun.security.ssl.SSLSocketImpl.readApplicationRecord(SSLSocketImpl.java:1462) ~[na:na]
	at java.base/sun.security.ssl.SSLSocketImpl$AppInputStream.read(SSLSocketImpl.java:1068) ~[na:na]
	at com.mongodb.internal.connection.SocketStream.read(SocketStream.java:110) ~[mongodb-driver-core-4.6.1.jar:na]
	at com.mongodb.internal.connection.SocketStream.read(SocketStream.java:135) ~[mongodb-driver-core-4.6.1.jar:na]
	at com.mongodb.internal.connection.InternalStreamConnection.receiveResponseBuffers(InternalStreamConnection.java:713) ~[mongodb-driver-core-4.6.1.jar:na]
	at com.mongodb.internal.connection.InternalStreamConnection.receiveMessageWithAdditionalTimeout(InternalStreamConnection.java:571) ~[mongodb-driver-core-4.6.1.jar:na]
	... 5 common frames omitted

[2m2025-09-04 18:06:11.286[0;39m [32m INFO[0;39m [35m2486[0;39m [2m---[0;39m [2m[ngodb.net:27017][0;39m [36morg.mongodb.driver.cluster              [0;39m [2m:[0;39m Exception in monitor thread while connecting to server ac-i834dtw-shard-00-02.7rgd67j.mongodb.net:27017

com.mongodb.MongoSocketReadTimeoutException: Timeout while receiving message
	at com.mongodb.internal.connection.InternalStreamConnection.translateReadException(InternalStreamConnection.java:696) ~[mongodb-driver-core-4.6.1.jar:na]
	at com.mongodb.internal.connection.InternalStreamConnection.receiveMessageWithAdditionalTimeout(InternalStreamConnection.java:574) ~[mongodb-driver-core-4.6.1.jar:na]
	at com.mongodb.internal.connection.InternalStreamConnection.receiveCommandMessageResponse(InternalStreamConnection.java:410) ~[mongodb-driver-core-4.6.1.jar:na]
	at com.mongodb.internal.connection.InternalStreamConnection.receive(InternalStreamConnection.java:369) ~[mongodb-driver-core-4.6.1.jar:na]
	at com.mongodb.internal.connection.DefaultServerMonitor$ServerMonitorRunnable.lookupServerDescription(DefaultServerMonitor.java:221) ~[mongodb-driver-core-4.6.1.jar:na]
	at com.mongodb.internal.connection.DefaultServerMonitor$ServerMonitorRunnable.run(DefaultServerMonitor.java:157) ~[mongodb-driver-core-4.6.1.jar:na]
	at java.base/java.lang.Thread.run(Thread.java:1575) ~[na:na]
Caused by: java.net.SocketTimeoutException: Read timed out
	at java.base/sun.nio.ch.NioSocketImpl.timedRead(NioSocketImpl.java:278) ~[na:na]
	at java.base/sun.nio.ch.NioSocketImpl.implRead(NioSocketImpl.java:304) ~[na:na]
	at java.base/sun.nio.ch.NioSocketImpl.read(NioSocketImpl.java:346) ~[na:na]
	at java.base/sun.nio.ch.NioSocketImpl$1.read(NioSocketImpl.java:796) ~[na:na]
	at java.base/java.net.Socket$SocketInputStream.implRead(Socket.java:1116) ~[na:na]
	at java.base/java.net.Socket$SocketInputStream.read(Socket.java:1103) ~[na:na]
	at java.base/sun.security.ssl.SSLSocketInputRecord.read(SSLSocketInputRecord.java:489) ~[na:na]
	at java.base/sun.security.ssl.SSLSocketInputRecord.readHeader(SSLSocketInputRecord.java:483) ~[na:na]
	at java.base/sun.security.ssl.SSLSocketInputRecord.bytesInCompletePacket(SSLSocketInputRecord.java:70) ~[na:na]
	at java.base/sun.security.ssl.SSLSocketImpl.readApplicationRecord(SSLSocketImpl.java:1462) ~[na:na]
	at java.base/sun.security.ssl.SSLSocketImpl$AppInputStream.read(SSLSocketImpl.java:1068) ~[na:na]
	at com.mongodb.internal.connection.SocketStream.read(SocketStream.java:110) ~[mongodb-driver-core-4.6.1.jar:na]
	at com.mongodb.internal.connection.SocketStream.read(SocketStream.java:135) ~[mongodb-driver-core-4.6.1.jar:na]
	at com.mongodb.internal.connection.InternalStreamConnection.receiveResponseBuffers(InternalStreamConnection.java:713) ~[mongodb-driver-core-4.6.1.jar:na]
	at com.mongodb.internal.connection.InternalStreamConnection.receiveMessageWithAdditionalTimeout(InternalStreamConnection.java:571) ~[mongodb-driver-core-4.6.1.jar:na]
	... 5 common frames omitted

[2m2025-09-04 18:06:14.923[0;39m [32m INFO[0;39m [35m2486[0;39m [2m---[0;39m [2m[ngodb.net:27017][0;39m [36morg.mongodb.driver.connection           [0;39m [2m:[0;39m Opened connection [connectionId{localValue:9, serverValue:152254}] to ac-i834dtw-shard-00-02.7rgd67j.mongodb.net:27017
[2m2025-09-04 18:06:14.925[0;39m [32m INFO[0;39m [35m2486[0;39m [2m---[0;39m [2m[ngodb.net:27017][0;39m [36morg.mongodb.driver.cluster              [0;39m [2m:[0;39m Monitor thread successfully connected to server with description ServerDescription{address=ac-i834dtw-shard-00-02.7rgd67j.mongodb.net:27017, type=REPLICA_SET_PRIMARY, state=CONNECTED, ok=true, minWireVersion=0, maxWireVersion=25, maxDocumentSize=16777216, logicalSessionTimeoutMinutes=30, roundTripTimeNanos=222448250, setName='atlas-a8yek4-shard-0', canonicalAddress=ac-i834dtw-shard-00-02.7rgd67j.mongodb.net:27017, hosts=[ac-i834dtw-shard-00-00.7rgd67j.mongodb.net:27017, ac-i834dtw-shard-00-02.7rgd67j.mongodb.net:27017, ac-i834dtw-shard-00-01.7rgd67j.mongodb.net:27017], passives=[], arbiters=[], primary='ac-i834dtw-shard-00-02.7rgd67j.mongodb.net:27017', tagSet=TagSet{[Tag{name='availabilityZone', value='ape1-az3'}, Tag{name='diskState', value='READY'}, Tag{name='nodeType', value='ELECTABLE'}, Tag{name='provider', value='AWS'}, Tag{name='region', value='AP_EAST_1'}, Tag{name='workloadType', value='OPERATIONAL'}]}, electionId=7fffffff000000000000003d, setVersion=5, topologyVersion=TopologyVersion{processId=68adb70fc4a3bf9c73ba471c, counter=6}, lastWriteDate=Thu Sep 04 18:06:14 CST 2025, lastUpdateTimeNanos=402757971857208}
[2m2025-09-04 18:06:14.926[0;39m [32m INFO[0;39m [35m2486[0;39m [2m---[0;39m [2m[ngodb.net:27017][0;39m [36morg.mongodb.driver.cluster              [0;39m [2m:[0;39m Discovered replica set primary ac-i834dtw-shard-00-02.7rgd67j.mongodb.net:27017
[2m2025-09-04 18:06:15.231[0;39m [32m INFO[0;39m [35m2486[0;39m [2m---[0;39m [2m[ngodb.net:27017][0;39m [36morg.mongodb.driver.connection           [0;39m [2m:[0;39m Opened connection [connectionId{localValue:8, serverValue:152814}] to ac-i834dtw-shard-00-00.7rgd67j.mongodb.net:27017
[2m2025-09-04 18:06:15.232[0;39m [32m INFO[0;39m [35m2486[0;39m [2m---[0;39m [2m[ngodb.net:27017][0;39m [36morg.mongodb.driver.cluster              [0;39m [2m:[0;39m Monitor thread successfully connected to server with description ServerDescription{address=ac-i834dtw-shard-00-00.7rgd67j.mongodb.net:27017, type=REPLICA_SET_SECONDARY, state=CONNECTED, ok=true, minWireVersion=0, maxWireVersion=25, maxDocumentSize=16777216, logicalSessionTimeoutMinutes=30, roundTripTimeNanos=130710041, setName='atlas-a8yek4-shard-0', canonicalAddress=ac-i834dtw-shard-00-00.7rgd67j.mongodb.net:27017, hosts=[ac-i834dtw-shard-00-00.7rgd67j.mongodb.net:27017, ac-i834dtw-shard-00-02.7rgd67j.mongodb.net:27017, ac-i834dtw-shard-00-01.7rgd67j.mongodb.net:27017], passives=[], arbiters=[], primary='ac-i834dtw-shard-00-02.7rgd67j.mongodb.net:27017', tagSet=TagSet{[Tag{name='availabilityZone', value='ape1-az1'}, Tag{name='diskState', value='READY'}, Tag{name='nodeType', value='ELECTABLE'}, Tag{name='provider', value='AWS'}, Tag{name='region', value='AP_EAST_1'}, Tag{name='workloadType', value='OPERATIONAL'}]}, electionId=null, setVersion=5, topologyVersion=TopologyVersion{processId=68adb3e8465b48f6776be2b3, counter=4}, lastWriteDate=Thu Sep 04 18:06:15 CST 2025, lastUpdateTimeNanos=402758280622541}
[2m2025-09-04 18:06:24.803[0;39m [32m INFO[0;39m [35m2486[0;39m [2m---[0;39m [2m[ngodb.net:27017][0;39m [36morg.mongodb.driver.connection           [0;39m [2m:[0;39m Opened connection [connectionId{localValue:12, serverValue:152818}] to ac-i834dtw-shard-00-00.7rgd67j.mongodb.net:27017
[2m2025-09-04 18:06:24.805[0;39m [32m INFO[0;39m [35m2486[0;39m [2m---[0;39m [2m[ngodb.net:27017][0;39m [36morg.mongodb.driver.connection           [0;39m [2m:[0;39m Opened connection [connectionId{localValue:10, serverValue:152254}] to ac-i834dtw-shard-00-02.7rgd67j.mongodb.net:27017
[2m2025-09-04 18:06:24.986[0;39m [32m INFO[0;39m [35m2486[0;39m [2m---[0;39m [2m[ngodb.net:27017][0;39m [36morg.mongodb.driver.connection           [0;39m [2m:[0;39m Opened connection [connectionId{localValue:11, serverValue:148090}] to ac-i834dtw-shard-00-01.7rgd67j.mongodb.net:27017
[2m2025-09-04 18:09:08.981[0;39m [32m INFO[0;39m [35m2486[0;39m [2m---[0;39m [2m[ngodb.net:27017][0;39m [36morg.mongodb.driver.cluster              [0;39m [2m:[0;39m Exception in monitor thread while connecting to server ac-i834dtw-shard-00-01.7rgd67j.mongodb.net:27017

com.mongodb.MongoSocketReadTimeoutException: Timeout while receiving message
	at com.mongodb.internal.connection.InternalStreamConnection.translateReadException(InternalStreamConnection.java:696) ~[mongodb-driver-core-4.6.1.jar:na]
	at com.mongodb.internal.connection.InternalStreamConnection.receiveMessageWithAdditionalTimeout(InternalStreamConnection.java:574) ~[mongodb-driver-core-4.6.1.jar:na]
	at com.mongodb.internal.connection.InternalStreamConnection.receiveCommandMessageResponse(InternalStreamConnection.java:410) ~[mongodb-driver-core-4.6.1.jar:na]
	at com.mongodb.internal.connection.InternalStreamConnection.receive(InternalStreamConnection.java:369) ~[mongodb-driver-core-4.6.1.jar:na]
	at com.mongodb.internal.connection.DefaultServerMonitor$ServerMonitorRunnable.lookupServerDescription(DefaultServerMonitor.java:221) ~[mongodb-driver-core-4.6.1.jar:na]
	at com.mongodb.internal.connection.DefaultServerMonitor$ServerMonitorRunnable.run(DefaultServerMonitor.java:157) ~[mongodb-driver-core-4.6.1.jar:na]
	at java.base/java.lang.Thread.run(Thread.java:1575) ~[na:na]
Caused by: java.net.SocketTimeoutException: Read timed out
	at java.base/sun.nio.ch.NioSocketImpl.timedRead(NioSocketImpl.java:278) ~[na:na]
	at java.base/sun.nio.ch.NioSocketImpl.implRead(NioSocketImpl.java:304) ~[na:na]
	at java.base/sun.nio.ch.NioSocketImpl.read(NioSocketImpl.java:346) ~[na:na]
	at java.base/sun.nio.ch.NioSocketImpl$1.read(NioSocketImpl.java:796) ~[na:na]
	at java.base/java.net.Socket$SocketInputStream.implRead(Socket.java:1116) ~[na:na]
	at java.base/java.net.Socket$SocketInputStream.read(Socket.java:1103) ~[na:na]
	at java.base/sun.security.ssl.SSLSocketInputRecord.read(SSLSocketInputRecord.java:489) ~[na:na]
	at java.base/sun.security.ssl.SSLSocketInputRecord.readHeader(SSLSocketInputRecord.java:483) ~[na:na]
	at java.base/sun.security.ssl.SSLSocketInputRecord.bytesInCompletePacket(SSLSocketInputRecord.java:70) ~[na:na]
	at java.base/sun.security.ssl.SSLSocketImpl.readApplicationRecord(SSLSocketImpl.java:1462) ~[na:na]
	at java.base/sun.security.ssl.SSLSocketImpl$AppInputStream.read(SSLSocketImpl.java:1068) ~[na:na]
	at com.mongodb.internal.connection.SocketStream.read(SocketStream.java:110) ~[mongodb-driver-core-4.6.1.jar:na]
	at com.mongodb.internal.connection.SocketStream.read(SocketStream.java:135) ~[mongodb-driver-core-4.6.1.jar:na]
	at com.mongodb.internal.connection.InternalStreamConnection.receiveResponseBuffers(InternalStreamConnection.java:713) ~[mongodb-driver-core-4.6.1.jar:na]
	at com.mongodb.internal.connection.InternalStreamConnection.receiveMessageWithAdditionalTimeout(InternalStreamConnection.java:571) ~[mongodb-driver-core-4.6.1.jar:na]
	... 5 common frames omitted

[2m2025-09-04 18:09:09.585[0;39m [32m INFO[0;39m [35m2486[0;39m [2m---[0;39m [2m[ngodb.net:27017][0;39m [36morg.mongodb.driver.connection           [0;39m [2m:[0;39m Opened connection [connectionId{localValue:13, serverValue:148145}] to ac-i834dtw-shard-00-01.7rgd67j.mongodb.net:27017
[2m2025-09-04 18:09:09.585[0;39m [32m INFO[0;39m [35m2486[0;39m [2m---[0;39m [2m[ngodb.net:27017][0;39m [36morg.mongodb.driver.cluster              [0;39m [2m:[0;39m Monitor thread successfully connected to server with description ServerDescription{address=ac-i834dtw-shard-00-01.7rgd67j.mongodb.net:27017, type=REPLICA_SET_SECONDARY, state=CONNECTED, ok=true, minWireVersion=0, maxWireVersion=25, maxDocumentSize=16777216, logicalSessionTimeoutMinutes=30, roundTripTimeNanos=339463083, setName='atlas-a8yek4-shard-0', canonicalAddress=ac-i834dtw-shard-00-01.7rgd67j.mongodb.net:27017, hosts=[ac-i834dtw-shard-00-00.7rgd67j.mongodb.net:27017, ac-i834dtw-shard-00-02.7rgd67j.mongodb.net:27017, ac-i834dtw-shard-00-01.7rgd67j.mongodb.net:27017], passives=[], arbiters=[], primary='ac-i834dtw-shard-00-02.7rgd67j.mongodb.net:27017', tagSet=TagSet{[Tag{name='availabilityZone', value='ape1-az2'}, Tag{name='diskState', value='READY'}, Tag{name='nodeType', value='ELECTABLE'}, Tag{name='provider', value='AWS'}, Tag{name='region', value='AP_EAST_1'}, Tag{name='workloadType', value='OPERATIONAL'}]}, electionId=null, setVersion=5, topologyVersion=TopologyVersion{processId=68adb977784aac97ca661e2c, counter=3}, lastWriteDate=Thu Sep 04 18:09:08 CST 2025, lastUpdateTimeNanos=402795324841166}
[2m2025-09-04 18:10:12.446[0;39m [32m INFO[0;39m [35m2486[0;39m [2m---[0;39m [2m[ngodb.net:27017][0;39m [36morg.mongodb.driver.cluster              [0;39m [2m:[0;39m Exception in monitor thread while connecting to server ac-i834dtw-shard-00-02.7rgd67j.mongodb.net:27017

com.mongodb.MongoSocketReadTimeoutException: Timeout while receiving message
	at com.mongodb.internal.connection.InternalStreamConnection.translateReadException(InternalStreamConnection.java:696) ~[mongodb-driver-core-4.6.1.jar:na]
	at com.mongodb.internal.connection.InternalStreamConnection.receiveMessageWithAdditionalTimeout(InternalStreamConnection.java:574) ~[mongodb-driver-core-4.6.1.jar:na]
	at com.mongodb.internal.connection.InternalStreamConnection.receiveCommandMessageResponse(InternalStreamConnection.java:410) ~[mongodb-driver-core-4.6.1.jar:na]
	at com.mongodb.internal.connection.InternalStreamConnection.receive(InternalStreamConnection.java:369) ~[mongodb-driver-core-4.6.1.jar:na]
	at com.mongodb.internal.connection.DefaultServerMonitor$ServerMonitorRunnable.lookupServerDescription(DefaultServerMonitor.java:221) ~[mongodb-driver-core-4.6.1.jar:na]
	at com.mongodb.internal.connection.DefaultServerMonitor$ServerMonitorRunnable.run(DefaultServerMonitor.java:157) ~[mongodb-driver-core-4.6.1.jar:na]
	at java.base/java.lang.Thread.run(Thread.java:1575) ~[na:na]
Caused by: java.net.SocketTimeoutException: Read timed out
	at java.base/sun.nio.ch.NioSocketImpl.timedRead(NioSocketImpl.java:278) ~[na:na]
	at java.base/sun.nio.ch.NioSocketImpl.implRead(NioSocketImpl.java:304) ~[na:na]
	at java.base/sun.nio.ch.NioSocketImpl.read(NioSocketImpl.java:346) ~[na:na]
	at java.base/sun.nio.ch.NioSocketImpl$1.read(NioSocketImpl.java:796) ~[na:na]
	at java.base/java.net.Socket$SocketInputStream.implRead(Socket.java:1116) ~[na:na]
	at java.base/java.net.Socket$SocketInputStream.read(Socket.java:1103) ~[na:na]
	at java.base/sun.security.ssl.SSLSocketInputRecord.read(SSLSocketInputRecord.java:489) ~[na:na]
	at java.base/sun.security.ssl.SSLSocketInputRecord.readHeader(SSLSocketInputRecord.java:483) ~[na:na]
	at java.base/sun.security.ssl.SSLSocketInputRecord.bytesInCompletePacket(SSLSocketInputRecord.java:70) ~[na:na]
	at java.base/sun.security.ssl.SSLSocketImpl.readApplicationRecord(SSLSocketImpl.java:1462) ~[na:na]
	at java.base/sun.security.ssl.SSLSocketImpl$AppInputStream.read(SSLSocketImpl.java:1068) ~[na:na]
	at com.mongodb.internal.connection.SocketStream.read(SocketStream.java:110) ~[mongodb-driver-core-4.6.1.jar:na]
	at com.mongodb.internal.connection.SocketStream.read(SocketStream.java:135) ~[mongodb-driver-core-4.6.1.jar:na]
	at com.mongodb.internal.connection.InternalStreamConnection.receiveResponseBuffers(InternalStreamConnection.java:713) ~[mongodb-driver-core-4.6.1.jar:na]
	at com.mongodb.internal.connection.InternalStreamConnection.receiveMessageWithAdditionalTimeout(InternalStreamConnection.java:571) ~[mongodb-driver-core-4.6.1.jar:na]
	... 5 common frames omitted

[2m2025-09-04 18:10:13.136[0;39m [32m INFO[0;39m [35m2486[0;39m [2m---[0;39m [2m[ngodb.net:27017][0;39m [36morg.mongodb.driver.connection           [0;39m [2m:[0;39m Opened connection [connectionId{localValue:14, serverValue:152440}] to ac-i834dtw-shard-00-02.7rgd67j.mongodb.net:27017
[2m2025-09-04 18:10:13.137[0;39m [32m INFO[0;39m [35m2486[0;39m [2m---[0;39m [2m[ngodb.net:27017][0;39m [36morg.mongodb.driver.cluster              [0;39m [2m:[0;39m Monitor thread successfully connected to server with description ServerDescription{address=ac-i834dtw-shard-00-02.7rgd67j.mongodb.net:27017, type=REPLICA_SET_PRIMARY, state=CONNECTED, ok=true, minWireVersion=0, maxWireVersion=25, maxDocumentSize=16777216, logicalSessionTimeoutMinutes=30, roundTripTimeNanos=176350834, setName='atlas-a8yek4-shard-0', canonicalAddress=ac-i834dtw-shard-00-02.7rgd67j.mongodb.net:27017, hosts=[ac-i834dtw-shard-00-00.7rgd67j.mongodb.net:27017, ac-i834dtw-shard-00-02.7rgd67j.mongodb.net:27017, ac-i834dtw-shard-00-01.7rgd67j.mongodb.net:27017], passives=[], arbiters=[], primary='ac-i834dtw-shard-00-02.7rgd67j.mongodb.net:27017', tagSet=TagSet{[Tag{name='availabilityZone', value='ape1-az3'}, Tag{name='diskState', value='READY'}, Tag{name='nodeType', value='ELECTABLE'}, Tag{name='provider', value='AWS'}, Tag{name='region', value='AP_EAST_1'}, Tag{name='workloadType', value='OPERATIONAL'}]}, electionId=7fffffff000000000000003d, setVersion=5, topologyVersion=TopologyVersion{processId=68adb70fc4a3bf9c73ba471c, counter=6}, lastWriteDate=Thu Sep 04 18:10:13 CST 2025, lastUpdateTimeNanos=402833251037916}
[2m2025-09-04 18:10:13.138[0;39m [32m INFO[0;39m [35m2486[0;39m [2m---[0;39m [2m[ngodb.net:27017][0;39m [36morg.mongodb.driver.cluster              [0;39m [2m:[0;39m Discovered replica set primary ac-i834dtw-shard-00-02.7rgd67j.mongodb.net:27017
[2m2025-09-04 18:10:20.773[0;39m [32m INFO[0;39m [35m2486[0;39m [2m---[0;39m [2m[ngodb.net:27017][0;39m [36morg.mongodb.driver.cluster              [0;39m [2m:[0;39m Exception in monitor thread while connecting to server ac-i834dtw-shard-00-00.7rgd67j.mongodb.net:27017

com.mongodb.MongoSocketReadTimeoutException: Timeout while receiving message
	at com.mongodb.internal.connection.InternalStreamConnection.translateReadException(InternalStreamConnection.java:696) ~[mongodb-driver-core-4.6.1.jar:na]
	at com.mongodb.internal.connection.InternalStreamConnection.receiveMessageWithAdditionalTimeout(InternalStreamConnection.java:574) ~[mongodb-driver-core-4.6.1.jar:na]
	at com.mongodb.internal.connection.InternalStreamConnection.receiveCommandMessageResponse(InternalStreamConnection.java:410) ~[mongodb-driver-core-4.6.1.jar:na]
	at com.mongodb.internal.connection.InternalStreamConnection.receive(InternalStreamConnection.java:369) ~[mongodb-driver-core-4.6.1.jar:na]
	at com.mongodb.internal.connection.DefaultServerMonitor$ServerMonitorRunnable.lookupServerDescription(DefaultServerMonitor.java:221) ~[mongodb-driver-core-4.6.1.jar:na]
	at com.mongodb.internal.connection.DefaultServerMonitor$ServerMonitorRunnable.run(DefaultServerMonitor.java:157) ~[mongodb-driver-core-4.6.1.jar:na]
	at java.base/java.lang.Thread.run(Thread.java:1575) ~[na:na]
Caused by: java.net.SocketTimeoutException: Read timed out
	at java.base/sun.nio.ch.NioSocketImpl.timedRead(NioSocketImpl.java:278) ~[na:na]
	at java.base/sun.nio.ch.NioSocketImpl.implRead(NioSocketImpl.java:304) ~[na:na]
	at java.base/sun.nio.ch.NioSocketImpl.read(NioSocketImpl.java:346) ~[na:na]
	at java.base/sun.nio.ch.NioSocketImpl$1.read(NioSocketImpl.java:796) ~[na:na]
	at java.base/java.net.Socket$SocketInputStream.implRead(Socket.java:1116) ~[na:na]
	at java.base/java.net.Socket$SocketInputStream.read(Socket.java:1103) ~[na:na]
	at java.base/sun.security.ssl.SSLSocketInputRecord.read(SSLSocketInputRecord.java:489) ~[na:na]
	at java.base/sun.security.ssl.SSLSocketInputRecord.readHeader(SSLSocketInputRecord.java:483) ~[na:na]
	at java.base/sun.security.ssl.SSLSocketInputRecord.bytesInCompletePacket(SSLSocketInputRecord.java:70) ~[na:na]
	at java.base/sun.security.ssl.SSLSocketImpl.readApplicationRecord(SSLSocketImpl.java:1462) ~[na:na]
	at java.base/sun.security.ssl.SSLSocketImpl$AppInputStream.read(SSLSocketImpl.java:1068) ~[na:na]
	at com.mongodb.internal.connection.SocketStream.read(SocketStream.java:110) ~[mongodb-driver-core-4.6.1.jar:na]
	at com.mongodb.internal.connection.SocketStream.read(SocketStream.java:135) ~[mongodb-driver-core-4.6.1.jar:na]
	at com.mongodb.internal.connection.InternalStreamConnection.receiveResponseBuffers(InternalStreamConnection.java:713) ~[mongodb-driver-core-4.6.1.jar:na]
	at com.mongodb.internal.connection.InternalStreamConnection.receiveMessageWithAdditionalTimeout(InternalStreamConnection.java:571) ~[mongodb-driver-core-4.6.1.jar:na]
	... 5 common frames omitted

[2m2025-09-04 18:10:21.496[0;39m [32m INFO[0;39m [35m2486[0;39m [2m---[0;39m [2m[ngodb.net:27017][0;39m [36morg.mongodb.driver.connection           [0;39m [2m:[0;39m Opened connection [connectionId{localValue:15, serverValue:152880}] to ac-i834dtw-shard-00-00.7rgd67j.mongodb.net:27017
[2m2025-09-04 18:10:21.496[0;39m [32m INFO[0;39m [35m2486[0;39m [2m---[0;39m [2m[ngodb.net:27017][0;39m [36morg.mongodb.driver.cluster              [0;39m [2m:[0;39m Monitor thread successfully connected to server with description ServerDescription{address=ac-i834dtw-shard-00-00.7rgd67j.mongodb.net:27017, type=REPLICA_SET_SECONDARY, state=CONNECTED, ok=true, minWireVersion=0, maxWireVersion=25, maxDocumentSize=16777216, logicalSessionTimeoutMinutes=30, roundTripTimeNanos=333581834, setName='atlas-a8yek4-shard-0', canonicalAddress=ac-i834dtw-shard-00-00.7rgd67j.mongodb.net:27017, hosts=[ac-i834dtw-shard-00-00.7rgd67j.mongodb.net:27017, ac-i834dtw-shard-00-02.7rgd67j.mongodb.net:27017, ac-i834dtw-shard-00-01.7rgd67j.mongodb.net:27017], passives=[], arbiters=[], primary='ac-i834dtw-shard-00-02.7rgd67j.mongodb.net:27017', tagSet=TagSet{[Tag{name='availabilityZone', value='ape1-az1'}, Tag{name='diskState', value='READY'}, Tag{name='nodeType', value='ELECTABLE'}, Tag{name='provider', value='AWS'}, Tag{name='region', value='AP_EAST_1'}, Tag{name='workloadType', value='OPERATIONAL'}]}, electionId=null, setVersion=5, topologyVersion=TopologyVersion{processId=68adb3e8465b48f6776be2b3, counter=4}, lastWriteDate=Thu Sep 04 18:10:21 CST 2025, lastUpdateTimeNanos=402841609923291}
[2m2025-09-04 18:18:49.769[0;39m [32m INFO[0;39m [35m2486[0;39m [2m---[0;39m [2m[ngodb.net:27017][0;39m [36morg.mongodb.driver.connection           [0;39m [2m:[0;39m Opened connection [connectionId{localValue:16, serverValue:152525}] to ac-i834dtw-shard-00-02.7rgd67j.mongodb.net:27017
[2m2025-09-04 18:18:49.997[0;39m [32m INFO[0;39m [35m2486[0;39m [2m---[0;39m [2m[ngodb.net:27017][0;39m [36morg.mongodb.driver.connection           [0;39m [2m:[0;39m Opened connection [connectionId{localValue:18, serverValue:148257}] to ac-i834dtw-shard-00-01.7rgd67j.mongodb.net:27017
[2m2025-09-04 18:18:50.321[0;39m [32m INFO[0;39m [35m2486[0;39m [2m---[0;39m [2m[ngodb.net:27017][0;39m [36morg.mongodb.driver.connection           [0;39m [2m:[0;39m Opened connection [connectionId{localValue:17, serverValue:152980}] to ac-i834dtw-shard-00-00.7rgd67j.mongodb.net:27017
[2m2025-09-04 18:19:00.883[0;39m [32m INFO[0;39m [35m2486[0;39m [2m---[0;39m [2m[ngodb.net:27017][0;39m [36morg.mongodb.driver.cluster              [0;39m [2m:[0;39m Exception in monitor thread while connecting to server ac-i834dtw-shard-00-01.7rgd67j.mongodb.net:27017

com.mongodb.MongoSocketReadTimeoutException: Timeout while receiving message
	at com.mongodb.internal.connection.InternalStreamConnection.translateReadException(InternalStreamConnection.java:696) ~[mongodb-driver-core-4.6.1.jar:na]
	at com.mongodb.internal.connection.InternalStreamConnection.receiveMessageWithAdditionalTimeout(InternalStreamConnection.java:574) ~[mongodb-driver-core-4.6.1.jar:na]
	at com.mongodb.internal.connection.InternalStreamConnection.receiveCommandMessageResponse(InternalStreamConnection.java:410) ~[mongodb-driver-core-4.6.1.jar:na]
	at com.mongodb.internal.connection.InternalStreamConnection.receive(InternalStreamConnection.java:369) ~[mongodb-driver-core-4.6.1.jar:na]
	at com.mongodb.internal.connection.DefaultServerMonitor$ServerMonitorRunnable.lookupServerDescription(DefaultServerMonitor.java:221) ~[mongodb-driver-core-4.6.1.jar:na]
	at com.mongodb.internal.connection.DefaultServerMonitor$ServerMonitorRunnable.run(DefaultServerMonitor.java:157) ~[mongodb-driver-core-4.6.1.jar:na]
	at java.base/java.lang.Thread.run(Thread.java:1575) ~[na:na]
Caused by: java.net.SocketTimeoutException: Read timed out
	at java.base/sun.nio.ch.NioSocketImpl.timedRead(NioSocketImpl.java:278) ~[na:na]
	at java.base/sun.nio.ch.NioSocketImpl.implRead(NioSocketImpl.java:304) ~[na:na]
	at java.base/sun.nio.ch.NioSocketImpl.read(NioSocketImpl.java:346) ~[na:na]
	at java.base/sun.nio.ch.NioSocketImpl$1.read(NioSocketImpl.java:796) ~[na:na]
	at java.base/java.net.Socket$SocketInputStream.implRead(Socket.java:1116) ~[na:na]
	at java.base/java.net.Socket$SocketInputStream.read(Socket.java:1103) ~[na:na]
	at java.base/sun.security.ssl.SSLSocketInputRecord.read(SSLSocketInputRecord.java:489) ~[na:na]
	at java.base/sun.security.ssl.SSLSocketInputRecord.readHeader(SSLSocketInputRecord.java:483) ~[na:na]
	at java.base/sun.security.ssl.SSLSocketInputRecord.bytesInCompletePacket(SSLSocketInputRecord.java:70) ~[na:na]
	at java.base/sun.security.ssl.SSLSocketImpl.readApplicationRecord(SSLSocketImpl.java:1462) ~[na:na]
	at java.base/sun.security.ssl.SSLSocketImpl$AppInputStream.read(SSLSocketImpl.java:1068) ~[na:na]
	at com.mongodb.internal.connection.SocketStream.read(SocketStream.java:110) ~[mongodb-driver-core-4.6.1.jar:na]
	at com.mongodb.internal.connection.SocketStream.read(SocketStream.java:135) ~[mongodb-driver-core-4.6.1.jar:na]
	at com.mongodb.internal.connection.InternalStreamConnection.receiveResponseBuffers(InternalStreamConnection.java:713) ~[mongodb-driver-core-4.6.1.jar:na]
	at com.mongodb.internal.connection.InternalStreamConnection.receiveMessageWithAdditionalTimeout(InternalStreamConnection.java:571) ~[mongodb-driver-core-4.6.1.jar:na]
	... 5 common frames omitted

[2m2025-09-04 18:19:01.870[0;39m [32m INFO[0;39m [35m2486[0;39m [2m---[0;39m [2m[ngodb.net:27017][0;39m [36morg.mongodb.driver.connection           [0;39m [2m:[0;39m Opened connection [connectionId{localValue:19, serverValue:148262}] to ac-i834dtw-shard-00-01.7rgd67j.mongodb.net:27017
[2m2025-09-04 18:19:01.870[0;39m [32m INFO[0;39m [35m2486[0;39m [2m---[0;39m [2m[ngodb.net:27017][0;39m [36morg.mongodb.driver.cluster              [0;39m [2m:[0;39m Monitor thread successfully connected to server with description ServerDescription{address=ac-i834dtw-shard-00-01.7rgd67j.mongodb.net:27017, type=REPLICA_SET_SECONDARY, state=CONNECTED, ok=true, minWireVersion=0, maxWireVersion=25, maxDocumentSize=16777216, logicalSessionTimeoutMinutes=30, roundTripTimeNanos=847016708, setName='atlas-a8yek4-shard-0', canonicalAddress=ac-i834dtw-shard-00-01.7rgd67j.mongodb.net:27017, hosts=[ac-i834dtw-shard-00-00.7rgd67j.mongodb.net:27017, ac-i834dtw-shard-00-02.7rgd67j.mongodb.net:27017, ac-i834dtw-shard-00-01.7rgd67j.mongodb.net:27017], passives=[], arbiters=[], primary='ac-i834dtw-shard-00-02.7rgd67j.mongodb.net:27017', tagSet=TagSet{[Tag{name='availabilityZone', value='ape1-az2'}, Tag{name='diskState', value='READY'}, Tag{name='nodeType', value='ELECTABLE'}, Tag{name='provider', value='AWS'}, Tag{name='region', value='AP_EAST_1'}, Tag{name='workloadType', value='OPERATIONAL'}]}, electionId=null, setVersion=5, topologyVersion=TopologyVersion{processId=68adb977784aac97ca661e2c, counter=3}, lastWriteDate=Thu Sep 04 18:19:01 CST 2025, lastUpdateTimeNanos=402891134045125}
[2m2025-09-04 18:19:02.723[0;39m [32m INFO[0;39m [35m2486[0;39m [2m---[0;39m [2m[ngodb.net:27017][0;39m [36morg.mongodb.driver.cluster              [0;39m [2m:[0;39m Exception in monitor thread while connecting to server ac-i834dtw-shard-00-00.7rgd67j.mongodb.net:27017

com.mongodb.MongoSocketReadTimeoutException: Timeout while receiving message
	at com.mongodb.internal.connection.InternalStreamConnection.translateReadException(InternalStreamConnection.java:696) ~[mongodb-driver-core-4.6.1.jar:na]
	at com.mongodb.internal.connection.InternalStreamConnection.receiveMessageWithAdditionalTimeout(InternalStreamConnection.java:574) ~[mongodb-driver-core-4.6.1.jar:na]
	at com.mongodb.internal.connection.InternalStreamConnection.receiveCommandMessageResponse(InternalStreamConnection.java:410) ~[mongodb-driver-core-4.6.1.jar:na]
	at com.mongodb.internal.connection.InternalStreamConnection.receive(InternalStreamConnection.java:369) ~[mongodb-driver-core-4.6.1.jar:na]
	at com.mongodb.internal.connection.DefaultServerMonitor$ServerMonitorRunnable.lookupServerDescription(DefaultServerMonitor.java:221) ~[mongodb-driver-core-4.6.1.jar:na]
	at com.mongodb.internal.connection.DefaultServerMonitor$ServerMonitorRunnable.run(DefaultServerMonitor.java:157) ~[mongodb-driver-core-4.6.1.jar:na]
	at java.base/java.lang.Thread.run(Thread.java:1575) ~[na:na]
Caused by: java.net.SocketTimeoutException: Read timed out
	at java.base/sun.nio.ch.NioSocketImpl.timedRead(NioSocketImpl.java:278) ~[na:na]
	at java.base/sun.nio.ch.NioSocketImpl.implRead(NioSocketImpl.java:304) ~[na:na]
	at java.base/sun.nio.ch.NioSocketImpl.read(NioSocketImpl.java:346) ~[na:na]
	at java.base/sun.nio.ch.NioSocketImpl$1.read(NioSocketImpl.java:796) ~[na:na]
	at java.base/java.net.Socket$SocketInputStream.implRead(Socket.java:1116) ~[na:na]
	at java.base/java.net.Socket$SocketInputStream.read(Socket.java:1103) ~[na:na]
	at java.base/sun.security.ssl.SSLSocketInputRecord.read(SSLSocketInputRecord.java:489) ~[na:na]
	at java.base/sun.security.ssl.SSLSocketInputRecord.readHeader(SSLSocketInputRecord.java:483) ~[na:na]
	at java.base/sun.security.ssl.SSLSocketInputRecord.bytesInCompletePacket(SSLSocketInputRecord.java:70) ~[na:na]
	at java.base/sun.security.ssl.SSLSocketImpl.readApplicationRecord(SSLSocketImpl.java:1462) ~[na:na]
	at java.base/sun.security.ssl.SSLSocketImpl$AppInputStream.read(SSLSocketImpl.java:1068) ~[na:na]
	at com.mongodb.internal.connection.SocketStream.read(SocketStream.java:110) ~[mongodb-driver-core-4.6.1.jar:na]
	at com.mongodb.internal.connection.SocketStream.read(SocketStream.java:135) ~[mongodb-driver-core-4.6.1.jar:na]
	at com.mongodb.internal.connection.InternalStreamConnection.receiveResponseBuffers(InternalStreamConnection.java:713) ~[mongodb-driver-core-4.6.1.jar:na]
	at com.mongodb.internal.connection.InternalStreamConnection.receiveMessageWithAdditionalTimeout(InternalStreamConnection.java:571) ~[mongodb-driver-core-4.6.1.jar:na]
	... 5 common frames omitted

[2m2025-09-04 18:19:03.509[0;39m [32m INFO[0;39m [35m2486[0;39m [2m---[0;39m [2m[ngodb.net:27017][0;39m [36morg.mongodb.driver.connection           [0;39m [2m:[0;39m Opened connection [connectionId{localValue:20, serverValue:152979}] to ac-i834dtw-shard-00-00.7rgd67j.mongodb.net:27017
[2m2025-09-04 18:19:03.510[0;39m [32m INFO[0;39m [35m2486[0;39m [2m---[0;39m [2m[ngodb.net:27017][0;39m [36morg.mongodb.driver.cluster              [0;39m [2m:[0;39m Monitor thread successfully connected to server with description ServerDescription{address=ac-i834dtw-shard-00-00.7rgd67j.mongodb.net:27017, type=REPLICA_SET_SECONDARY, state=CONNECTED, ok=true, minWireVersion=0, maxWireVersion=25, maxDocumentSize=16777216, logicalSessionTimeoutMinutes=30, roundTripTimeNanos=509858500, setName='atlas-a8yek4-shard-0', canonicalAddress=ac-i834dtw-shard-00-00.7rgd67j.mongodb.net:27017, hosts=[ac-i834dtw-shard-00-00.7rgd67j.mongodb.net:27017, ac-i834dtw-shard-00-02.7rgd67j.mongodb.net:27017, ac-i834dtw-shard-00-01.7rgd67j.mongodb.net:27017], passives=[], arbiters=[], primary='ac-i834dtw-shard-00-02.7rgd67j.mongodb.net:27017', tagSet=TagSet{[Tag{name='availabilityZone', value='ape1-az1'}, Tag{name='diskState', value='READY'}, Tag{name='nodeType', value='ELECTABLE'}, Tag{name='provider', value='AWS'}, Tag{name='region', value='AP_EAST_1'}, Tag{name='workloadType', value='OPERATIONAL'}]}, electionId=null, setVersion=5, topologyVersion=TopologyVersion{processId=68adb3e8465b48f6776be2b3, counter=4}, lastWriteDate=Thu Sep 04 18:19:03 CST 2025, lastUpdateTimeNanos=402892773297291}
[2m2025-09-04 18:19:58.498[0;39m [32m INFO[0;39m [35m2486[0;39m [2m---[0;39m [2m[ngodb.net:27017][0;39m [36morg.mongodb.driver.cluster              [0;39m [2m:[0;39m Exception in monitor thread while connecting to server ac-i834dtw-shard-00-00.7rgd67j.mongodb.net:27017

com.mongodb.MongoSocketReadTimeoutException: Timeout while receiving message
	at com.mongodb.internal.connection.InternalStreamConnection.translateReadException(InternalStreamConnection.java:696) ~[mongodb-driver-core-4.6.1.jar:na]
	at com.mongodb.internal.connection.InternalStreamConnection.receiveMessageWithAdditionalTimeout(InternalStreamConnection.java:574) ~[mongodb-driver-core-4.6.1.jar:na]
	at com.mongodb.internal.connection.InternalStreamConnection.receiveCommandMessageResponse(InternalStreamConnection.java:410) ~[mongodb-driver-core-4.6.1.jar:na]
	at com.mongodb.internal.connection.InternalStreamConnection.receive(InternalStreamConnection.java:369) ~[mongodb-driver-core-4.6.1.jar:na]
	at com.mongodb.internal.connection.DefaultServerMonitor$ServerMonitorRunnable.lookupServerDescription(DefaultServerMonitor.java:221) ~[mongodb-driver-core-4.6.1.jar:na]
	at com.mongodb.internal.connection.DefaultServerMonitor$ServerMonitorRunnable.run(DefaultServerMonitor.java:157) ~[mongodb-driver-core-4.6.1.jar:na]
	at java.base/java.lang.Thread.run(Thread.java:1575) ~[na:na]
Caused by: java.net.SocketTimeoutException: Read timed out
	at java.base/sun.nio.ch.NioSocketImpl.timedRead(NioSocketImpl.java:278) ~[na:na]
	at java.base/sun.nio.ch.NioSocketImpl.implRead(NioSocketImpl.java:304) ~[na:na]
	at java.base/sun.nio.ch.NioSocketImpl.read(NioSocketImpl.java:346) ~[na:na]
	at java.base/sun.nio.ch.NioSocketImpl$1.read(NioSocketImpl.java:796) ~[na:na]
	at java.base/java.net.Socket$SocketInputStream.implRead(Socket.java:1116) ~[na:na]
	at java.base/java.net.Socket$SocketInputStream.read(Socket.java:1103) ~[na:na]
	at java.base/sun.security.ssl.SSLSocketInputRecord.read(SSLSocketInputRecord.java:489) ~[na:na]
	at java.base/sun.security.ssl.SSLSocketInputRecord.readHeader(SSLSocketInputRecord.java:483) ~[na:na]
	at java.base/sun.security.ssl.SSLSocketInputRecord.bytesInCompletePacket(SSLSocketInputRecord.java:70) ~[na:na]
	at java.base/sun.security.ssl.SSLSocketImpl.readApplicationRecord(SSLSocketImpl.java:1462) ~[na:na]
	at java.base/sun.security.ssl.SSLSocketImpl$AppInputStream.read(SSLSocketImpl.java:1068) ~[na:na]
	at com.mongodb.internal.connection.SocketStream.read(SocketStream.java:110) ~[mongodb-driver-core-4.6.1.jar:na]
	at com.mongodb.internal.connection.SocketStream.read(SocketStream.java:135) ~[mongodb-driver-core-4.6.1.jar:na]
	at com.mongodb.internal.connection.InternalStreamConnection.receiveResponseBuffers(InternalStreamConnection.java:713) ~[mongodb-driver-core-4.6.1.jar:na]
	at com.mongodb.internal.connection.InternalStreamConnection.receiveMessageWithAdditionalTimeout(InternalStreamConnection.java:571) ~[mongodb-driver-core-4.6.1.jar:na]
	... 5 common frames omitted

[2m2025-09-04 18:19:58.500[0;39m [32m INFO[0;39m [35m2486[0;39m [2m---[0;39m [2m[ngodb.net:27017][0;39m [36morg.mongodb.driver.cluster              [0;39m [2m:[0;39m Exception in monitor thread while connecting to server ac-i834dtw-shard-00-00.7rgd67j.mongodb.net:27017

com.mongodb.MongoSocketException: ac-i834dtw-shard-00-00.7rgd67j.mongodb.net: nodename nor servname provided, or not known
	at com.mongodb.ServerAddress.getSocketAddresses(ServerAddress.java:217) ~[mongodb-driver-core-4.6.1.jar:na]
	at com.mongodb.internal.connection.SocketStream.initializeSocket(SocketStream.java:75) ~[mongodb-driver-core-4.6.1.jar:na]
	at com.mongodb.internal.connection.SocketStream.open(SocketStream.java:65) ~[mongodb-driver-core-4.6.1.jar:na]
	at com.mongodb.internal.connection.InternalStreamConnection.open(InternalStreamConnection.java:180) ~[mongodb-driver-core-4.6.1.jar:na]
	at com.mongodb.internal.connection.DefaultServerMonitor$ServerMonitorRunnable.lookupServerDescription(DefaultServerMonitor.java:193) ~[mongodb-driver-core-4.6.1.jar:na]
	at com.mongodb.internal.connection.DefaultServerMonitor$ServerMonitorRunnable.run(DefaultServerMonitor.java:157) ~[mongodb-driver-core-4.6.1.jar:na]
	at java.base/java.lang.Thread.run(Thread.java:1575) ~[na:na]
Caused by: java.net.UnknownHostException: ac-i834dtw-shard-00-00.7rgd67j.mongodb.net: nodename nor servname provided, or not known
	at java.base/java.net.Inet6AddressImpl.lookupAllHostAddr(Native Method) ~[na:na]
	at java.base/java.net.Inet6AddressImpl.lookupAllHostAddr(Inet6AddressImpl.java:52) ~[na:na]
	at java.base/java.net.InetAddress$PlatformResolver.lookupByName(InetAddress.java:1221) ~[na:na]
	at java.base/java.net.InetAddress.getAddressesFromNameService(InetAddress.java:1817) ~[na:na]
	at java.base/java.net.InetAddress$NameServiceAddresses.get(InetAddress.java:1149) ~[na:na]
	at java.base/java.net.InetAddress.getAllByName0(InetAddress.java:1807) ~[na:na]
	at java.base/java.net.InetAddress.getAllByName(InetAddress.java:1676) ~[na:na]
	at com.mongodb.ServerAddress.getSocketAddresses(ServerAddress.java:209) ~[mongodb-driver-core-4.6.1.jar:na]
	... 6 common frames omitted

[2m2025-09-04 18:19:58.525[0;39m [32m INFO[0;39m [35m2486[0;39m [2m---[0;39m [2m[ngodb.net:27017][0;39m [36morg.mongodb.driver.cluster              [0;39m [2m:[0;39m Exception in monitor thread while connecting to server ac-i834dtw-shard-00-02.7rgd67j.mongodb.net:27017

com.mongodb.MongoSocketReadTimeoutException: Timeout while receiving message
	at com.mongodb.internal.connection.InternalStreamConnection.translateReadException(InternalStreamConnection.java:696) ~[mongodb-driver-core-4.6.1.jar:na]
	at com.mongodb.internal.connection.InternalStreamConnection.receiveMessageWithAdditionalTimeout(InternalStreamConnection.java:574) ~[mongodb-driver-core-4.6.1.jar:na]
	at com.mongodb.internal.connection.InternalStreamConnection.receiveCommandMessageResponse(InternalStreamConnection.java:410) ~[mongodb-driver-core-4.6.1.jar:na]
	at com.mongodb.internal.connection.InternalStreamConnection.receive(InternalStreamConnection.java:369) ~[mongodb-driver-core-4.6.1.jar:na]
	at com.mongodb.internal.connection.DefaultServerMonitor$ServerMonitorRunnable.lookupServerDescription(DefaultServerMonitor.java:221) ~[mongodb-driver-core-4.6.1.jar:na]
	at com.mongodb.internal.connection.DefaultServerMonitor$ServerMonitorRunnable.run(DefaultServerMonitor.java:157) ~[mongodb-driver-core-4.6.1.jar:na]
	at java.base/java.lang.Thread.run(Thread.java:1575) ~[na:na]
Caused by: java.net.SocketTimeoutException: Read timed out
	at java.base/sun.nio.ch.NioSocketImpl.timedRead(NioSocketImpl.java:278) ~[na:na]
	at java.base/sun.nio.ch.NioSocketImpl.implRead(NioSocketImpl.java:304) ~[na:na]
	at java.base/sun.nio.ch.NioSocketImpl.read(NioSocketImpl.java:346) ~[na:na]
	at java.base/sun.nio.ch.NioSocketImpl$1.read(NioSocketImpl.java:796) ~[na:na]
	at java.base/java.net.Socket$SocketInputStream.implRead(Socket.java:1116) ~[na:na]
	at java.base/java.net.Socket$SocketInputStream.read(Socket.java:1103) ~[na:na]
	at java.base/sun.security.ssl.SSLSocketInputRecord.read(SSLSocketInputRecord.java:489) ~[na:na]
	at java.base/sun.security.ssl.SSLSocketInputRecord.readHeader(SSLSocketInputRecord.java:483) ~[na:na]
	at java.base/sun.security.ssl.SSLSocketInputRecord.bytesInCompletePacket(SSLSocketInputRecord.java:70) ~[na:na]
	at java.base/sun.security.ssl.SSLSocketImpl.readApplicationRecord(SSLSocketImpl.java:1462) ~[na:na]
	at java.base/sun.security.ssl.SSLSocketImpl$AppInputStream.read(SSLSocketImpl.java:1068) ~[na:na]
	at com.mongodb.internal.connection.SocketStream.read(SocketStream.java:110) ~[mongodb-driver-core-4.6.1.jar:na]
	at com.mongodb.internal.connection.SocketStream.read(SocketStream.java:135) ~[mongodb-driver-core-4.6.1.jar:na]
	at com.mongodb.internal.connection.InternalStreamConnection.receiveResponseBuffers(InternalStreamConnection.java:713) ~[mongodb-driver-core-4.6.1.jar:na]
	at com.mongodb.internal.connection.InternalStreamConnection.receiveMessageWithAdditionalTimeout(InternalStreamConnection.java:571) ~[mongodb-driver-core-4.6.1.jar:na]
	... 5 common frames omitted

[2m2025-09-04 18:19:58.527[0;39m [32m INFO[0;39m [35m2486[0;39m [2m---[0;39m [2m[ngodb.net:27017][0;39m [36morg.mongodb.driver.cluster              [0;39m [2m:[0;39m Exception in monitor thread while connecting to server ac-i834dtw-shard-00-02.7rgd67j.mongodb.net:27017

com.mongodb.MongoSocketException: ac-i834dtw-shard-00-02.7rgd67j.mongodb.net: nodename nor servname provided, or not known
	at com.mongodb.ServerAddress.getSocketAddresses(ServerAddress.java:217) ~[mongodb-driver-core-4.6.1.jar:na]
	at com.mongodb.internal.connection.SocketStream.initializeSocket(SocketStream.java:75) ~[mongodb-driver-core-4.6.1.jar:na]
	at com.mongodb.internal.connection.SocketStream.open(SocketStream.java:65) ~[mongodb-driver-core-4.6.1.jar:na]
	at com.mongodb.internal.connection.InternalStreamConnection.open(InternalStreamConnection.java:180) ~[mongodb-driver-core-4.6.1.jar:na]
	at com.mongodb.internal.connection.DefaultServerMonitor$ServerMonitorRunnable.lookupServerDescription(DefaultServerMonitor.java:193) ~[mongodb-driver-core-4.6.1.jar:na]
	at com.mongodb.internal.connection.DefaultServerMonitor$ServerMonitorRunnable.run(DefaultServerMonitor.java:157) ~[mongodb-driver-core-4.6.1.jar:na]
	at java.base/java.lang.Thread.run(Thread.java:1575) ~[na:na]
Caused by: java.net.UnknownHostException: ac-i834dtw-shard-00-02.7rgd67j.mongodb.net: nodename nor servname provided, or not known
	at java.base/java.net.Inet6AddressImpl.lookupAllHostAddr(Native Method) ~[na:na]
	at java.base/java.net.Inet6AddressImpl.lookupAllHostAddr(Inet6AddressImpl.java:52) ~[na:na]
	at java.base/java.net.InetAddress$PlatformResolver.lookupByName(InetAddress.java:1221) ~[na:na]
	at java.base/java.net.InetAddress.getAddressesFromNameService(InetAddress.java:1817) ~[na:na]
	at java.base/java.net.InetAddress$NameServiceAddresses.get(InetAddress.java:1149) ~[na:na]
	at java.base/java.net.InetAddress.getAllByName0(InetAddress.java:1807) ~[na:na]
	at java.base/java.net.InetAddress.getAllByName(InetAddress.java:1676) ~[na:na]
	at com.mongodb.ServerAddress.getSocketAddresses(ServerAddress.java:209) ~[mongodb-driver-core-4.6.1.jar:na]
	... 6 common frames omitted

[2m2025-09-04 18:20:07.169[0;39m [32m INFO[0;39m [35m2486[0;39m [2m---[0;39m [2m[ngodb.net:27017][0;39m [36morg.mongodb.driver.cluster              [0;39m [2m:[0;39m Exception in monitor thread while connecting to server ac-i834dtw-shard-00-01.7rgd67j.mongodb.net:27017

com.mongodb.MongoSocketReadTimeoutException: Timeout while receiving message
	at com.mongodb.internal.connection.InternalStreamConnection.translateReadException(InternalStreamConnection.java:696) ~[mongodb-driver-core-4.6.1.jar:na]
	at com.mongodb.internal.connection.InternalStreamConnection.receiveMessageWithAdditionalTimeout(InternalStreamConnection.java:574) ~[mongodb-driver-core-4.6.1.jar:na]
	at com.mongodb.internal.connection.InternalStreamConnection.receiveCommandMessageResponse(InternalStreamConnection.java:410) ~[mongodb-driver-core-4.6.1.jar:na]
	at com.mongodb.internal.connection.InternalStreamConnection.receive(InternalStreamConnection.java:369) ~[mongodb-driver-core-4.6.1.jar:na]
	at com.mongodb.internal.connection.DefaultServerMonitor$ServerMonitorRunnable.lookupServerDescription(DefaultServerMonitor.java:221) ~[mongodb-driver-core-4.6.1.jar:na]
	at com.mongodb.internal.connection.DefaultServerMonitor$ServerMonitorRunnable.run(DefaultServerMonitor.java:157) ~[mongodb-driver-core-4.6.1.jar:na]
	at java.base/java.lang.Thread.run(Thread.java:1575) ~[na:na]
Caused by: java.net.SocketTimeoutException: Read timed out
	at java.base/sun.nio.ch.NioSocketImpl.timedRead(NioSocketImpl.java:278) ~[na:na]
	at java.base/sun.nio.ch.NioSocketImpl.implRead(NioSocketImpl.java:304) ~[na:na]
	at java.base/sun.nio.ch.NioSocketImpl.read(NioSocketImpl.java:346) ~[na:na]
	at java.base/sun.nio.ch.NioSocketImpl$1.read(NioSocketImpl.java:796) ~[na:na]
	at java.base/java.net.Socket$SocketInputStream.implRead(Socket.java:1116) ~[na:na]
	at java.base/java.net.Socket$SocketInputStream.read(Socket.java:1103) ~[na:na]
	at java.base/sun.security.ssl.SSLSocketInputRecord.read(SSLSocketInputRecord.java:489) ~[na:na]
	at java.base/sun.security.ssl.SSLSocketInputRecord.readHeader(SSLSocketInputRecord.java:483) ~[na:na]
	at java.base/sun.security.ssl.SSLSocketInputRecord.bytesInCompletePacket(SSLSocketInputRecord.java:70) ~[na:na]
	at java.base/sun.security.ssl.SSLSocketImpl.readApplicationRecord(SSLSocketImpl.java:1462) ~[na:na]
	at java.base/sun.security.ssl.SSLSocketImpl$AppInputStream.read(SSLSocketImpl.java:1068) ~[na:na]
	at com.mongodb.internal.connection.SocketStream.read(SocketStream.java:110) ~[mongodb-driver-core-4.6.1.jar:na]
	at com.mongodb.internal.connection.SocketStream.read(SocketStream.java:135) ~[mongodb-driver-core-4.6.1.jar:na]
	at com.mongodb.internal.connection.InternalStreamConnection.receiveResponseBuffers(InternalStreamConnection.java:713) ~[mongodb-driver-core-4.6.1.jar:na]
	at com.mongodb.internal.connection.InternalStreamConnection.receiveMessageWithAdditionalTimeout(InternalStreamConnection.java:571) ~[mongodb-driver-core-4.6.1.jar:na]
	... 5 common frames omitted

[2m2025-09-04 18:20:07.171[0;39m [32m INFO[0;39m [35m2486[0;39m [2m---[0;39m [2m[ngodb.net:27017][0;39m [36morg.mongodb.driver.cluster              [0;39m [2m:[0;39m Exception in monitor thread while connecting to server ac-i834dtw-shard-00-01.7rgd67j.mongodb.net:27017

com.mongodb.MongoSocketException: ac-i834dtw-shard-00-01.7rgd67j.mongodb.net
	at com.mongodb.ServerAddress.getSocketAddresses(ServerAddress.java:217) ~[mongodb-driver-core-4.6.1.jar:na]
	at com.mongodb.internal.connection.SocketStream.initializeSocket(SocketStream.java:75) ~[mongodb-driver-core-4.6.1.jar:na]
	at com.mongodb.internal.connection.SocketStream.open(SocketStream.java:65) ~[mongodb-driver-core-4.6.1.jar:na]
	at com.mongodb.internal.connection.InternalStreamConnection.open(InternalStreamConnection.java:180) ~[mongodb-driver-core-4.6.1.jar:na]
	at com.mongodb.internal.connection.DefaultServerMonitor$ServerMonitorRunnable.lookupServerDescription(DefaultServerMonitor.java:193) ~[mongodb-driver-core-4.6.1.jar:na]
	at com.mongodb.internal.connection.DefaultServerMonitor$ServerMonitorRunnable.run(DefaultServerMonitor.java:157) ~[mongodb-driver-core-4.6.1.jar:na]
	at java.base/java.lang.Thread.run(Thread.java:1575) ~[na:na]
Caused by: java.net.UnknownHostException: ac-i834dtw-shard-00-01.7rgd67j.mongodb.net
	at java.base/java.net.InetAddress$CachedLookup.get(InetAddress.java:998) ~[na:na]
	at java.base/java.net.InetAddress.getAllByName0(InetAddress.java:1807) ~[na:na]
	at java.base/java.net.InetAddress.getAllByName(InetAddress.java:1676) ~[na:na]
	at com.mongodb.ServerAddress.getSocketAddresses(ServerAddress.java:209) ~[mongodb-driver-core-4.6.1.jar:na]
	... 6 common frames omitted

[2m2025-09-04 18:51:06.063[0;39m [32m INFO[0;39m [35m2486[0;39m [2m---[0;39m [2m[ngodb.net:27017][0;39m [36morg.mongodb.driver.cluster              [0;39m [2m:[0;39m Exception in monitor thread while connecting to server ac-i834dtw-shard-00-00.7rgd67j.mongodb.net:27017

com.mongodb.MongoSocketWriteException: Exception sending message
	at com.mongodb.internal.connection.InternalStreamConnection.translateWriteException(InternalStreamConnection.java:684) ~[mongodb-driver-core-4.6.1.jar:na]
	at com.mongodb.internal.connection.InternalStreamConnection.sendMessage(InternalStreamConnection.java:555) ~[mongodb-driver-core-4.6.1.jar:na]
	at com.mongodb.internal.connection.InternalStreamConnection.sendCommandMessage(InternalStreamConnection.java:381) ~[mongodb-driver-core-4.6.1.jar:na]
	at com.mongodb.internal.connection.InternalStreamConnection.sendAndReceive(InternalStreamConnection.java:329) ~[mongodb-driver-core-4.6.1.jar:na]
	at com.mongodb.internal.connection.CommandHelper.sendAndReceive(CommandHelper.java:101) ~[mongodb-driver-core-4.6.1.jar:na]
	at com.mongodb.internal.connection.CommandHelper.executeCommand(CommandHelper.java:45) ~[mongodb-driver-core-4.6.1.jar:na]
	at com.mongodb.internal.connection.InternalStreamConnectionInitializer.initializeConnectionDescription(InternalStreamConnectionInitializer.java:131) ~[mongodb-driver-core-4.6.1.jar:na]
	at com.mongodb.internal.connection.InternalStreamConnectionInitializer.startHandshake(InternalStreamConnectionInitializer.java:73) ~[mongodb-driver-core-4.6.1.jar:na]
	at com.mongodb.internal.connection.InternalStreamConnection.open(InternalStreamConnection.java:182) ~[mongodb-driver-core-4.6.1.jar:na]
	at com.mongodb.internal.connection.DefaultServerMonitor$ServerMonitorRunnable.lookupServerDescription(DefaultServerMonitor.java:193) ~[mongodb-driver-core-4.6.1.jar:na]
	at com.mongodb.internal.connection.DefaultServerMonitor$ServerMonitorRunnable.run(DefaultServerMonitor.java:157) ~[mongodb-driver-core-4.6.1.jar:na]
	at java.base/java.lang.Thread.run(Thread.java:1575) ~[na:na]
Caused by: javax.net.ssl.SSLException: (internal_error) Received fatal alert: internal_error
	at java.base/sun.security.ssl.Alert.createSSLException(Alert.java:132) ~[na:na]
	at java.base/sun.security.ssl.Alert.createSSLException(Alert.java:117) ~[na:na]
	at java.base/sun.security.ssl.TransportContext.fatal(TransportContext.java:370) ~[na:na]
	at java.base/sun.security.ssl.Alert$AlertConsumer.consume(Alert.java:287) ~[na:na]
	at java.base/sun.security.ssl.TransportContext.dispatch(TransportContext.java:209) ~[na:na]
	at java.base/sun.security.ssl.SSLTransport.decode(SSLTransport.java:172) ~[na:na]
	at java.base/sun.security.ssl.SSLSocketImpl.decode(SSLSocketImpl.java:1507) ~[na:na]
	at java.base/sun.security.ssl.SSLSocketImpl.readHandshakeRecord(SSLSocketImpl.java:1422) ~[na:na]
	at java.base/sun.security.ssl.SSLSocketImpl.startHandshake(SSLSocketImpl.java:455) ~[na:na]
	at java.base/sun.security.ssl.SSLSocketImpl.ensureNegotiated(SSLSocketImpl.java:924) ~[na:na]
	at java.base/sun.security.ssl.SSLSocketImpl$AppOutputStream.write(SSLSocketImpl.java:1293) ~[na:na]
	at com.mongodb.internal.connection.SocketStream.write(SocketStream.java:99) ~[mongodb-driver-core-4.6.1.jar:na]
	at com.mongodb.internal.connection.InternalStreamConnection.sendMessage(InternalStreamConnection.java:552) ~[mongodb-driver-core-4.6.1.jar:na]
	... 10 common frames omitted

[2m2025-09-04 18:51:06.085[0;39m [32m INFO[0;39m [35m2486[0;39m [2m---[0;39m [2m[ngodb.net:27017][0;39m [36morg.mongodb.driver.cluster              [0;39m [2m:[0;39m Exception in monitor thread while connecting to server ac-i834dtw-shard-00-02.7rgd67j.mongodb.net:27017

com.mongodb.MongoSocketWriteException: Exception sending message
	at com.mongodb.internal.connection.InternalStreamConnection.translateWriteException(InternalStreamConnection.java:684) ~[mongodb-driver-core-4.6.1.jar:na]
	at com.mongodb.internal.connection.InternalStreamConnection.sendMessage(InternalStreamConnection.java:555) ~[mongodb-driver-core-4.6.1.jar:na]
	at com.mongodb.internal.connection.InternalStreamConnection.sendCommandMessage(InternalStreamConnection.java:381) ~[mongodb-driver-core-4.6.1.jar:na]
	at com.mongodb.internal.connection.InternalStreamConnection.sendAndReceive(InternalStreamConnection.java:329) ~[mongodb-driver-core-4.6.1.jar:na]
	at com.mongodb.internal.connection.CommandHelper.sendAndReceive(CommandHelper.java:101) ~[mongodb-driver-core-4.6.1.jar:na]
	at com.mongodb.internal.connection.CommandHelper.executeCommand(CommandHelper.java:45) ~[mongodb-driver-core-4.6.1.jar:na]
	at com.mongodb.internal.connection.InternalStreamConnectionInitializer.initializeConnectionDescription(InternalStreamConnectionInitializer.java:131) ~[mongodb-driver-core-4.6.1.jar:na]
	at com.mongodb.internal.connection.InternalStreamConnectionInitializer.startHandshake(InternalStreamConnectionInitializer.java:73) ~[mongodb-driver-core-4.6.1.jar:na]
	at com.mongodb.internal.connection.InternalStreamConnection.open(InternalStreamConnection.java:182) ~[mongodb-driver-core-4.6.1.jar:na]
	at com.mongodb.internal.connection.DefaultServerMonitor$ServerMonitorRunnable.lookupServerDescription(DefaultServerMonitor.java:193) ~[mongodb-driver-core-4.6.1.jar:na]
	at com.mongodb.internal.connection.DefaultServerMonitor$ServerMonitorRunnable.run(DefaultServerMonitor.java:157) ~[mongodb-driver-core-4.6.1.jar:na]
	at java.base/java.lang.Thread.run(Thread.java:1575) ~[na:na]
Caused by: javax.net.ssl.SSLException: (internal_error) Received fatal alert: internal_error
	at java.base/sun.security.ssl.Alert.createSSLException(Alert.java:132) ~[na:na]
	at java.base/sun.security.ssl.Alert.createSSLException(Alert.java:117) ~[na:na]
	at java.base/sun.security.ssl.TransportContext.fatal(TransportContext.java:370) ~[na:na]
	at java.base/sun.security.ssl.Alert$AlertConsumer.consume(Alert.java:287) ~[na:na]
	at java.base/sun.security.ssl.TransportContext.dispatch(TransportContext.java:209) ~[na:na]
	at java.base/sun.security.ssl.SSLTransport.decode(SSLTransport.java:172) ~[na:na]
	at java.base/sun.security.ssl.SSLSocketImpl.decode(SSLSocketImpl.java:1507) ~[na:na]
	at java.base/sun.security.ssl.SSLSocketImpl.readHandshakeRecord(SSLSocketImpl.java:1422) ~[na:na]
	at java.base/sun.security.ssl.SSLSocketImpl.startHandshake(SSLSocketImpl.java:455) ~[na:na]
	at java.base/sun.security.ssl.SSLSocketImpl.ensureNegotiated(SSLSocketImpl.java:924) ~[na:na]
	at java.base/sun.security.ssl.SSLSocketImpl$AppOutputStream.write(SSLSocketImpl.java:1293) ~[na:na]
	at com.mongodb.internal.connection.SocketStream.write(SocketStream.java:99) ~[mongodb-driver-core-4.6.1.jar:na]
	at com.mongodb.internal.connection.InternalStreamConnection.sendMessage(InternalStreamConnection.java:552) ~[mongodb-driver-core-4.6.1.jar:na]
	... 10 common frames omitted

[2m2025-09-04 18:51:14.568[0;39m [32m INFO[0;39m [35m2486[0;39m [2m---[0;39m [2m[ngodb.net:27017][0;39m [36morg.mongodb.driver.cluster              [0;39m [2m:[0;39m Exception in monitor thread while connecting to server ac-i834dtw-shard-00-01.7rgd67j.mongodb.net:27017

com.mongodb.MongoSocketWriteException: Exception sending message
	at com.mongodb.internal.connection.InternalStreamConnection.translateWriteException(InternalStreamConnection.java:684) ~[mongodb-driver-core-4.6.1.jar:na]
	at com.mongodb.internal.connection.InternalStreamConnection.sendMessage(InternalStreamConnection.java:555) ~[mongodb-driver-core-4.6.1.jar:na]
	at com.mongodb.internal.connection.InternalStreamConnection.sendCommandMessage(InternalStreamConnection.java:381) ~[mongodb-driver-core-4.6.1.jar:na]
	at com.mongodb.internal.connection.InternalStreamConnection.sendAndReceive(InternalStreamConnection.java:329) ~[mongodb-driver-core-4.6.1.jar:na]
	at com.mongodb.internal.connection.CommandHelper.sendAndReceive(CommandHelper.java:101) ~[mongodb-driver-core-4.6.1.jar:na]
	at com.mongodb.internal.connection.CommandHelper.executeCommand(CommandHelper.java:45) ~[mongodb-driver-core-4.6.1.jar:na]
	at com.mongodb.internal.connection.InternalStreamConnectionInitializer.initializeConnectionDescription(InternalStreamConnectionInitializer.java:131) ~[mongodb-driver-core-4.6.1.jar:na]
	at com.mongodb.internal.connection.InternalStreamConnectionInitializer.startHandshake(InternalStreamConnectionInitializer.java:73) ~[mongodb-driver-core-4.6.1.jar:na]
	at com.mongodb.internal.connection.InternalStreamConnection.open(InternalStreamConnection.java:182) ~[mongodb-driver-core-4.6.1.jar:na]
	at com.mongodb.internal.connection.DefaultServerMonitor$ServerMonitorRunnable.lookupServerDescription(DefaultServerMonitor.java:193) ~[mongodb-driver-core-4.6.1.jar:na]
	at com.mongodb.internal.connection.DefaultServerMonitor$ServerMonitorRunnable.run(DefaultServerMonitor.java:157) ~[mongodb-driver-core-4.6.1.jar:na]
	at java.base/java.lang.Thread.run(Thread.java:1575) ~[na:na]
Caused by: javax.net.ssl.SSLException: (internal_error) Received fatal alert: internal_error
	at java.base/sun.security.ssl.Alert.createSSLException(Alert.java:132) ~[na:na]
	at java.base/sun.security.ssl.Alert.createSSLException(Alert.java:117) ~[na:na]
	at java.base/sun.security.ssl.TransportContext.fatal(TransportContext.java:370) ~[na:na]
	at java.base/sun.security.ssl.Alert$AlertConsumer.consume(Alert.java:287) ~[na:na]
	at java.base/sun.security.ssl.TransportContext.dispatch(TransportContext.java:209) ~[na:na]
	at java.base/sun.security.ssl.SSLTransport.decode(SSLTransport.java:172) ~[na:na]
	at java.base/sun.security.ssl.SSLSocketImpl.decode(SSLSocketImpl.java:1507) ~[na:na]
	at java.base/sun.security.ssl.SSLSocketImpl.readHandshakeRecord(SSLSocketImpl.java:1422) ~[na:na]
	at java.base/sun.security.ssl.SSLSocketImpl.startHandshake(SSLSocketImpl.java:455) ~[na:na]
	at java.base/sun.security.ssl.SSLSocketImpl.ensureNegotiated(SSLSocketImpl.java:924) ~[na:na]
	at java.base/sun.security.ssl.SSLSocketImpl$AppOutputStream.write(SSLSocketImpl.java:1293) ~[na:na]
	at com.mongodb.internal.connection.SocketStream.write(SocketStream.java:99) ~[mongodb-driver-core-4.6.1.jar:na]
	at com.mongodb.internal.connection.InternalStreamConnection.sendMessage(InternalStreamConnection.java:552) ~[mongodb-driver-core-4.6.1.jar:na]
	... 10 common frames omitted

[2m2025-09-04 18:52:24.201[0;39m [32m INFO[0;39m [35m2486[0;39m [2m---[0;39m [2m[nio-9487-exec-3][0;39m [36morg.mongodb.driver.cluster              [0;39m [2m:[0;39m No server chosen by com.mongodb.client.internal.MongoClientDelegate$1@41462843 from cluster description ClusterDescription{type=REPLICA_SET, connectionMode=MULTIPLE, serverDescriptions=[ServerDescription{address=ac-i834dtw-shard-00-00.7rgd67j.mongodb.net:27017, type=UNKNOWN, state=CONNECTING, exception={com.mongodb.MongoSocketWriteException: Exception sending message}, caused by {javax.net.ssl.SSLException: (internal_error) Received fatal alert: internal_error}}, ServerDescription{address=ac-i834dtw-shard-00-02.7rgd67j.mongodb.net:27017, type=UNKNOWN, state=CONNECTING, exception={com.mongodb.MongoSocketWriteException: Exception sending message}, caused by {javax.net.ssl.SSLException: (internal_error) Received fatal alert: internal_error}}, ServerDescription{address=ac-i834dtw-shard-00-01.7rgd67j.mongodb.net:27017, type=UNKNOWN, state=CONNECTING, exception={com.mongodb.MongoSocketWriteException: Exception sending message}, caused by {javax.net.ssl.SSLException: (internal_error) Received fatal alert: internal_error}}]}. Waiting for 30000 ms before timing out
[2m2025-09-04 18:53:08.974[0;39m [32m INFO[0;39m [35m2486[0;39m [2m---[0;39m [2m[nio-9487-exec-4][0;39m [36morg.mongodb.driver.cluster              [0;39m [2m:[0;39m No server chosen by com.mongodb.client.internal.MongoClientDelegate$1@3a97fdca from cluster description ClusterDescription{type=REPLICA_SET, connectionMode=MULTIPLE, serverDescriptions=[ServerDescription{address=ac-i834dtw-shard-00-00.7rgd67j.mongodb.net:27017, type=UNKNOWN, state=CONNECTING, exception={com.mongodb.MongoSocketWriteException: Exception sending message}, caused by {javax.net.ssl.SSLException: (internal_error) Received fatal alert: internal_error}}, ServerDescription{address=ac-i834dtw-shard-00-02.7rgd67j.mongodb.net:27017, type=UNKNOWN, state=CONNECTING, exception={com.mongodb.MongoSocketWriteException: Exception sending message}, caused by {javax.net.ssl.SSLException: (internal_error) Received fatal alert: internal_error}}, ServerDescription{address=ac-i834dtw-shard-00-01.7rgd67j.mongodb.net:27017, type=UNKNOWN, state=CONNECTING, exception={com.mongodb.MongoSocketWriteException: Exception sending message}, caused by {javax.net.ssl.SSLException: (internal_error) Received fatal alert: internal_error}}]}. Waiting for 30000 ms before timing out
[2m2025-09-04 18:53:17.660[0;39m [32m INFO[0;39m [35m2486[0;39m [2m---[0;39m [2m[nio-9487-exec-6][0;39m [36morg.mongodb.driver.cluster              [0;39m [2m:[0;39m No server chosen by com.mongodb.client.internal.MongoClientDelegate$1@5214f564 from cluster description ClusterDescription{type=REPLICA_SET, connectionMode=MULTIPLE, serverDescriptions=[ServerDescription{address=ac-i834dtw-shard-00-00.7rgd67j.mongodb.net:27017, type=UNKNOWN, state=CONNECTING, exception={com.mongodb.MongoSocketWriteException: Exception sending message}, caused by {javax.net.ssl.SSLException: (internal_error) Received fatal alert: internal_error}}, ServerDescription{address=ac-i834dtw-shard-00-02.7rgd67j.mongodb.net:27017, type=UNKNOWN, state=CONNECTING, exception={com.mongodb.MongoSocketWriteException: Exception sending message}, caused by {javax.net.ssl.SSLException: (internal_error) Received fatal alert: internal_error}}, ServerDescription{address=ac-i834dtw-shard-00-01.7rgd67j.mongodb.net:27017, type=UNKNOWN, state=CONNECTING, exception={com.mongodb.MongoSocketWriteException: Exception sending message}, caused by {javax.net.ssl.SSLException: (internal_error) Received fatal alert: internal_error}}]}. Waiting for 30000 ms before timing out
[2m2025-09-04 18:53:36.322[0;39m [32m INFO[0;39m [35m2486[0;39m [2m---[0;39m [2m[nio-9487-exec-7][0;39m [36morg.mongodb.driver.cluster              [0;39m [2m:[0;39m No server chosen by com.mongodb.client.internal.MongoClientDelegate$1@3dfafd14 from cluster description ClusterDescription{type=REPLICA_SET, connectionMode=MULTIPLE, serverDescriptions=[ServerDescription{address=ac-i834dtw-shard-00-00.7rgd67j.mongodb.net:27017, type=UNKNOWN, state=CONNECTING, exception={com.mongodb.MongoSocketWriteException: Exception sending message}, caused by {javax.net.ssl.SSLException: (internal_error) Received fatal alert: internal_error}}, ServerDescription{address=ac-i834dtw-shard-00-02.7rgd67j.mongodb.net:27017, type=UNKNOWN, state=CONNECTING, exception={com.mongodb.MongoSocketWriteException: Exception sending message}, caused by {javax.net.ssl.SSLException: (internal_error) Received fatal alert: internal_error}}, ServerDescription{address=ac-i834dtw-shard-00-01.7rgd67j.mongodb.net:27017, type=UNKNOWN, state=CONNECTING, exception={com.mongodb.MongoSocketWriteException: Exception sending message}, caused by {javax.net.ssl.SSLException: (internal_error) Received fatal alert: internal_error}}]}. Waiting for 30000 ms before timing out
[2m2025-09-04 19:50:51.006[0;39m [32m INFO[0;39m [35m2486[0;39m [2m---[0;39m [2m[ngodb.net:27017][0;39m [36morg.mongodb.driver.connection           [0;39m [2m:[0;39m Opened connection [connectionId{localValue:2527, serverValue:153550}] to ac-i834dtw-shard-00-02.7rgd67j.mongodb.net:27017
[2m2025-09-04 19:50:51.006[0;39m [32m INFO[0;39m [35m2486[0;39m [2m---[0;39m [2m[ngodb.net:27017][0;39m [36morg.mongodb.driver.connection           [0;39m [2m:[0;39m Opened connection [connectionId{localValue:2528, serverValue:153537}] to ac-i834dtw-shard-00-02.7rgd67j.mongodb.net:27017
[2m2025-09-04 19:50:51.006[0;39m [32m INFO[0;39m [35m2486[0;39m [2m---[0;39m [2m[ngodb.net:27017][0;39m [36morg.mongodb.driver.connection           [0;39m [2m:[0;39m Opened connection [connectionId{localValue:2530, serverValue:153992}] to ac-i834dtw-shard-00-00.7rgd67j.mongodb.net:27017
[2m2025-09-04 19:50:51.006[0;39m [32m INFO[0;39m [35m2486[0;39m [2m---[0;39m [2m[ngodb.net:27017][0;39m [36morg.mongodb.driver.connection           [0;39m [2m:[0;39m Opened connection [connectionId{localValue:2529, serverValue:153992}] to ac-i834dtw-shard-00-00.7rgd67j.mongodb.net:27017
[2m2025-09-04 19:50:51.019[0;39m [32m INFO[0;39m [35m2486[0;39m [2m---[0;39m [2m[ngodb.net:27017][0;39m [36morg.mongodb.driver.cluster              [0;39m [2m:[0;39m Monitor thread successfully connected to server with description ServerDescription{address=ac-i834dtw-shard-00-02.7rgd67j.mongodb.net:27017, type=REPLICA_SET_PRIMARY, state=CONNECTED, ok=true, minWireVersion=0, maxWireVersion=25, maxDocumentSize=16777216, logicalSessionTimeoutMinutes=30, roundTripTimeNanos=245094167, setName='atlas-a8yek4-shard-0', canonicalAddress=ac-i834dtw-shard-00-02.7rgd67j.mongodb.net:27017, hosts=[ac-i834dtw-shard-00-00.7rgd67j.mongodb.net:27017, ac-i834dtw-shard-00-02.7rgd67j.mongodb.net:27017, ac-i834dtw-shard-00-01.7rgd67j.mongodb.net:27017], passives=[], arbiters=[], primary='ac-i834dtw-shard-00-02.7rgd67j.mongodb.net:27017', tagSet=TagSet{[Tag{name='availabilityZone', value='ape1-az3'}, Tag{name='diskState', value='READY'}, Tag{name='nodeType', value='ELECTABLE'}, Tag{name='provider', value='AWS'}, Tag{name='region', value='AP_EAST_1'}, Tag{name='workloadType', value='OPERATIONAL'}]}, electionId=7fffffff000000000000003d, setVersion=5, topologyVersion=TopologyVersion{processId=68adb70fc4a3bf9c73ba471c, counter=6}, lastWriteDate=Thu Sep 04 19:50:50 CST 2025, lastUpdateTimeNanos=406568179403166}
[2m2025-09-04 19:50:51.019[0;39m [32m INFO[0;39m [35m2486[0;39m [2m---[0;39m [2m[ngodb.net:27017][0;39m [36morg.mongodb.driver.cluster              [0;39m [2m:[0;39m Monitor thread successfully connected to server with description ServerDescription{address=ac-i834dtw-shard-00-00.7rgd67j.mongodb.net:27017, type=REPLICA_SET_SECONDARY, state=CONNECTED, ok=true, minWireVersion=0, maxWireVersion=25, maxDocumentSize=16777216, logicalSessionTimeoutMinutes=30, roundTripTimeNanos=208815500, setName='atlas-a8yek4-shard-0', canonicalAddress=ac-i834dtw-shard-00-00.7rgd67j.mongodb.net:27017, hosts=[ac-i834dtw-shard-00-00.7rgd67j.mongodb.net:27017, ac-i834dtw-shard-00-02.7rgd67j.mongodb.net:27017, ac-i834dtw-shard-00-01.7rgd67j.mongodb.net:27017], passives=[], arbiters=[], primary='ac-i834dtw-shard-00-02.7rgd67j.mongodb.net:27017', tagSet=TagSet{[Tag{name='availabilityZone', value='ape1-az1'}, Tag{name='diskState', value='READY'}, Tag{name='nodeType', value='ELECTABLE'}, Tag{name='provider', value='AWS'}, Tag{name='region', value='AP_EAST_1'}, Tag{name='workloadType', value='OPERATIONAL'}]}, electionId=null, setVersion=5, topologyVersion=TopologyVersion{processId=68adb3e8465b48f6776be2b3, counter=4}, lastWriteDate=Thu Sep 04 19:50:50 CST 2025, lastUpdateTimeNanos=406568179401333}
[2m2025-09-04 19:50:51.024[0;39m [32m INFO[0;39m [35m2486[0;39m [2m---[0;39m [2m[ngodb.net:27017][0;39m [36morg.mongodb.driver.cluster              [0;39m [2m:[0;39m Discovered replica set primary ac-i834dtw-shard-00-02.7rgd67j.mongodb.net:27017
[2m2025-09-04 19:50:51.398[0;39m [32m INFO[0;39m [35m2486[0;39m [2m---[0;39m [2m[ngodb.net:27017][0;39m [36morg.mongodb.driver.connection           [0;39m [2m:[0;39m Opened connection [connectionId{localValue:2531, serverValue:149255}] to ac-i834dtw-shard-00-01.7rgd67j.mongodb.net:27017
[2m2025-09-04 19:50:51.398[0;39m [32m INFO[0;39m [35m2486[0;39m [2m---[0;39m [2m[ngodb.net:27017][0;39m [36morg.mongodb.driver.cluster              [0;39m [2m:[0;39m Monitor thread successfully connected to server with description ServerDescription{address=ac-i834dtw-shard-00-01.7rgd67j.mongodb.net:27017, type=REPLICA_SET_SECONDARY, state=CONNECTED, ok=true, minWireVersion=0, maxWireVersion=25, maxDocumentSize=16777216, logicalSessionTimeoutMinutes=30, roundTripTimeNanos=193084583, setName='atlas-a8yek4-shard-0', canonicalAddress=ac-i834dtw-shard-00-01.7rgd67j.mongodb.net:27017, hosts=[ac-i834dtw-shard-00-00.7rgd67j.mongodb.net:27017, ac-i834dtw-shard-00-02.7rgd67j.mongodb.net:27017, ac-i834dtw-shard-00-01.7rgd67j.mongodb.net:27017], passives=[], arbiters=[], primary='ac-i834dtw-shard-00-02.7rgd67j.mongodb.net:27017', tagSet=TagSet{[Tag{name='availabilityZone', value='ape1-az2'}, Tag{name='diskState', value='READY'}, Tag{name='nodeType', value='ELECTABLE'}, Tag{name='provider', value='AWS'}, Tag{name='region', value='AP_EAST_1'}, Tag{name='workloadType', value='OPERATIONAL'}]}, electionId=null, setVersion=5, topologyVersion=TopologyVersion{processId=68adb977784aac97ca661e2c, counter=3}, lastWriteDate=Thu Sep 04 19:50:51 CST 2025, lastUpdateTimeNanos=406568574766875}
[2m2025-09-04 19:50:51.432[0;39m [32m INFO[0;39m [35m2486[0;39m [2m---[0;39m [2m[ngodb.net:27017][0;39m [36morg.mongodb.driver.connection           [0;39m [2m:[0;39m Opened connection [connectionId{localValue:2532, serverValue:149255}] to ac-i834dtw-shard-00-01.7rgd67j.mongodb.net:27017
